This is pdfTeXk, Version 3.141592-1.40.3 (Web2C 7.5.6) (format=pdflatex 2009.8.10)  19 AUG 2009 02:34
entering extended mode
 %&-line parsing enabled.
**principal
(./principal.tex
LaTeX2e <2005/12/01>
Babel <v3.8h> and hyphenation patterns for english, usenglishmax, dumylang, noh
yphenation, spanish, catalan, galician, loaded.
(/usr/share/texmf-texlive/tex/latex/base/article.cls
Document Class: article 2005/09/16 v1.4f Standard LaTeX document class
(/usr/share/texmf-texlive/tex/latex/base/size12.clo
File: size12.clo 2005/09/16 v1.4f Standard LaTeX file (size option)
)
\c@part=\count79
\c@section=\count80
\c@subsection=\count81
\c@subsubsection=\count82
\c@paragraph=\count83
\c@subparagraph=\count84
\c@figure=\count85
\c@table=\count86
\abovecaptionskip=\skip41
\belowcaptionskip=\skip42
\bibindent=\dimen102
)
(/usr/share/texmf-texlive/tex/latex/base/inputenc.sty
Package: inputenc 2006/05/05 v1.1b Input encoding file
\inpenc@prehook=\toks14
\inpenc@posthook=\toks15

(/usr/share/texmf-texlive/tex/latex/base/utf8.def
File: utf8.def 2006/03/30 v1.1i UTF-8 support for inputenc
Now handling font encoding OML ...
... no UTF-8 mapping file for font encoding OML
Now handling font encoding T1 ...
... processing UTF-8 mapping file for font encodingT1

(/usr/share/texmf-texlive/tex/latex/base/t1enc.dfu
File: t1enc.dfu 2006/03/30 v1.1i UTF-8 support for inputenc
   defining Unicode char U+00A1 (decimal 161)
   defining Unicode char U+00A3 (decimal 163)
   defining Unicode char U+00AB (decimal 171)
   defining Unicode char U+00BB (decimal 187)
   defining Unicode char U+00BF (decimal 191)
   defining Unicode char U+00C0 (decimal 192)
   defining Unicode char U+00C1 (decimal 193)
   defining Unicode char U+00C2 (decimal 194)
   defining Unicode char U+00C3 (decimal 195)
   defining Unicode char U+00C4 (decimal 196)
   defining Unicode char U+00C5 (decimal 197)
   defining Unicode char U+00C6 (decimal 198)
   defining Unicode char U+00C7 (decimal 199)
   defining Unicode char U+00C8 (decimal 200)
   defining Unicode char U+00C9 (decimal 201)
   defining Unicode char U+00CA (decimal 202)
   defining Unicode char U+00CB (decimal 203)
   defining Unicode char U+00CC (decimal 204)
   defining Unicode char U+00CD (decimal 205)
   defining Unicode char U+00CE (decimal 206)
   defining Unicode char U+00CF (decimal 207)
   defining Unicode char U+00D0 (decimal 208)
   defining Unicode char U+00D1 (decimal 209)
   defining Unicode char U+00D2 (decimal 210)
   defining Unicode char U+00D3 (decimal 211)
   defining Unicode char U+00D4 (decimal 212)
   defining Unicode char U+00D5 (decimal 213)
   defining Unicode char U+00D6 (decimal 214)
   defining Unicode char U+00D8 (decimal 216)
   defining Unicode char U+00D9 (decimal 217)
   defining Unicode char U+00DA (decimal 218)
   defining Unicode char U+00DB (decimal 219)
   defining Unicode char U+00DC (decimal 220)
   defining Unicode char U+00DD (decimal 221)
   defining Unicode char U+00DE (decimal 222)
   defining Unicode char U+00DF (decimal 223)
   defining Unicode char U+00E0 (decimal 224)
   defining Unicode char U+00E1 (decimal 225)
   defining Unicode char U+00E2 (decimal 226)
   defining Unicode char U+00E3 (decimal 227)
   defining Unicode char U+00E4 (decimal 228)
   defining Unicode char U+00E5 (decimal 229)
   defining Unicode char U+00E6 (decimal 230)
   defining Unicode char U+00E7 (decimal 231)
   defining Unicode char U+00E8 (decimal 232)
   defining Unicode char U+00E9 (decimal 233)
   defining Unicode char U+00EA (decimal 234)
   defining Unicode char U+00EB (decimal 235)
   defining Unicode char U+00EC (decimal 236)
   defining Unicode char U+00ED (decimal 237)
   defining Unicode char U+00EE (decimal 238)
   defining Unicode char U+00EF (decimal 239)
   defining Unicode char U+00F0 (decimal 240)
   defining Unicode char U+00F1 (decimal 241)
   defining Unicode char U+00F2 (decimal 242)
   defining Unicode char U+00F3 (decimal 243)
   defining Unicode char U+00F4 (decimal 244)
   defining Unicode char U+00F5 (decimal 245)
   defining Unicode char U+00F6 (decimal 246)
   defining Unicode char U+00F8 (decimal 248)
   defining Unicode char U+00F9 (decimal 249)
   defining Unicode char U+00FA (decimal 250)
   defining Unicode char U+00FB (decimal 251)
   defining Unicode char U+00FC (decimal 252)
   defining Unicode char U+00FD (decimal 253)
   defining Unicode char U+00FE (decimal 254)
   defining Unicode char U+00FF (decimal 255)
   defining Unicode char U+0102 (decimal 258)
   defining Unicode char U+0103 (decimal 259)
   defining Unicode char U+0104 (decimal 260)
   defining Unicode char U+0105 (decimal 261)
   defining Unicode char U+0106 (decimal 262)
   defining Unicode char U+0107 (decimal 263)
   defining Unicode char U+010C (decimal 268)
   defining Unicode char U+010D (decimal 269)
   defining Unicode char U+010E (decimal 270)
   defining Unicode char U+010F (decimal 271)
   defining Unicode char U+0110 (decimal 272)
   defining Unicode char U+0111 (decimal 273)
   defining Unicode char U+0118 (decimal 280)
   defining Unicode char U+0119 (decimal 281)
   defining Unicode char U+011A (decimal 282)
   defining Unicode char U+011B (decimal 283)
   defining Unicode char U+011E (decimal 286)
   defining Unicode char U+011F (decimal 287)
   defining Unicode char U+0130 (decimal 304)
   defining Unicode char U+0131 (decimal 305)
   defining Unicode char U+0132 (decimal 306)
   defining Unicode char U+0133 (decimal 307)
   defining Unicode char U+0139 (decimal 313)
   defining Unicode char U+013A (decimal 314)
   defining Unicode char U+013D (decimal 317)
   defining Unicode char U+013E (decimal 318)
   defining Unicode char U+0141 (decimal 321)
   defining Unicode char U+0142 (decimal 322)
   defining Unicode char U+0143 (decimal 323)
   defining Unicode char U+0144 (decimal 324)
   defining Unicode char U+0147 (decimal 327)
   defining Unicode char U+0148 (decimal 328)
   defining Unicode char U+014A (decimal 330)
   defining Unicode char U+014B (decimal 331)
   defining Unicode char U+0150 (decimal 336)
   defining Unicode char U+0151 (decimal 337)
   defining Unicode char U+0152 (decimal 338)
   defining Unicode char U+0153 (decimal 339)
   defining Unicode char U+0154 (decimal 340)
   defining Unicode char U+0155 (decimal 341)
   defining Unicode char U+0158 (decimal 344)
   defining Unicode char U+0159 (decimal 345)
   defining Unicode char U+015A (decimal 346)
   defining Unicode char U+015B (decimal 347)
   defining Unicode char U+015E (decimal 350)
   defining Unicode char U+015F (decimal 351)
   defining Unicode char U+0160 (decimal 352)
   defining Unicode char U+0161 (decimal 353)
   defining Unicode char U+0162 (decimal 354)
   defining Unicode char U+0163 (decimal 355)
   defining Unicode char U+0164 (decimal 356)
   defining Unicode char U+0165 (decimal 357)
   defining Unicode char U+016E (decimal 366)
   defining Unicode char U+016F (decimal 367)
   defining Unicode char U+0170 (decimal 368)
   defining Unicode char U+0171 (decimal 369)
   defining Unicode char U+0178 (decimal 376)
   defining Unicode char U+0179 (decimal 377)
   defining Unicode char U+017A (decimal 378)
   defining Unicode char U+017B (decimal 379)
   defining Unicode char U+017C (decimal 380)
   defining Unicode char U+017D (decimal 381)
   defining Unicode char U+017E (decimal 382)
   defining Unicode char U+200C (decimal 8204)
   defining Unicode char U+2013 (decimal 8211)
   defining Unicode char U+2014 (decimal 8212)
   defining Unicode char U+2018 (decimal 8216)
   defining Unicode char U+2019 (decimal 8217)
   defining Unicode char U+201A (decimal 8218)
   defining Unicode char U+201C (decimal 8220)
   defining Unicode char U+201D (decimal 8221)
   defining Unicode char U+201E (decimal 8222)
   defining Unicode char U+2030 (decimal 8240)
   defining Unicode char U+2031 (decimal 8241)
   defining Unicode char U+2039 (decimal 8249)
   defining Unicode char U+203A (decimal 8250)
   defining Unicode char U+2423 (decimal 9251)
)
Now handling font encoding OT1 ...
... processing UTF-8 mapping file for font encodingOT1

(/usr/share/texmf-texlive/tex/latex/base/ot1enc.dfu
File: ot1enc.dfu 2006/03/30 v1.1i UTF-8 support for inputenc
   defining Unicode char U+00A1 (decimal 161)
   defining Unicode char U+00A3 (decimal 163)
   defining Unicode char U+00B8 (decimal 184)
   defining Unicode char U+00BF (decimal 191)
   defining Unicode char U+00C5 (decimal 197)
   defining Unicode char U+00C6 (decimal 198)
   defining Unicode char U+00D8 (decimal 216)
   defining Unicode char U+00DF (decimal 223)
   defining Unicode char U+00E6 (decimal 230)
   defining Unicode char U+00EC (decimal 236)
   defining Unicode char U+00ED (decimal 237)
   defining Unicode char U+00EE (decimal 238)
   defining Unicode char U+00EF (decimal 239)
   defining Unicode char U+00F8 (decimal 248)
   defining Unicode char U+0131 (decimal 305)
   defining Unicode char U+0141 (decimal 321)
   defining Unicode char U+0142 (decimal 322)
   defining Unicode char U+0152 (decimal 338)
   defining Unicode char U+0153 (decimal 339)
   defining Unicode char U+2013 (decimal 8211)
   defining Unicode char U+2014 (decimal 8212)
   defining Unicode char U+2018 (decimal 8216)
   defining Unicode char U+2019 (decimal 8217)
   defining Unicode char U+201C (decimal 8220)
   defining Unicode char U+201D (decimal 8221)
)
Now handling font encoding OMS ...
... processing UTF-8 mapping file for font encodingOMS

(/usr/share/texmf-texlive/tex/latex/base/omsenc.dfu
File: omsenc.dfu 2006/03/30 v1.1i UTF-8 support for inputenc
   defining Unicode char U+00A7 (decimal 167)
   defining Unicode char U+00B6 (decimal 182)
   defining Unicode char U+00B7 (decimal 183)
   defining Unicode char U+2020 (decimal 8224)
   defining Unicode char U+2021 (decimal 8225)
   defining Unicode char U+2022 (decimal 8226)
)
Now handling font encoding OMX ...
... no UTF-8 mapping file for font encoding OMX
Now handling font encoding U ...
... no UTF-8 mapping file for font encoding U
   defining Unicode char U+00A9 (decimal 169)
   defining Unicode char U+00AA (decimal 170)
   defining Unicode char U+00AE (decimal 174)
   defining Unicode char U+00BA (decimal 186)
   defining Unicode char U+02C6 (decimal 710)
   defining Unicode char U+02DC (decimal 732)
   defining Unicode char U+200C (decimal 8204)
   defining Unicode char U+2026 (decimal 8230)
   defining Unicode char U+2122 (decimal 8482)
   defining Unicode char U+2423 (decimal 9251)
))
(/usr/share/texmf-texlive/tex/latex/base/fontenc.sty
Package: fontenc 2005/09/27 v1.99g Standard LaTeX package

(/usr/share/texmf-texlive/tex/latex/base/t1enc.def
File: t1enc.def 2005/09/27 v1.99g Standard LaTeX file
LaTeX Font Info:    Redeclaring font encoding T1 on input line 43.
))
(/usr/share/texmf-texlive/tex/generic/babel/babel.sty
Package: babel 2005/11/23 v3.8h The Babel package

(/usr/share/texmf-texlive/tex/generic/babel/catalan.ldf
Language: catalan 2005/03/29 v2.2p Catalan support from the babel system

(/usr/share/texmf-texlive/tex/generic/babel/babel.def
File: babel.def 2005/11/23 v3.8h Babel common definitions
\babel@savecnt=\count87
\U@D=\dimen103
)
Package babel Info: Making " an active character on input line 91.
\leftllkern=\dimen104
\rightllkern=\dimen105
\raiselldim=\dimen106
))
(/usr/share/texmf-texlive/tex/latex/graphics/color.sty
Package: color 2005/11/14 v1.0j Standard LaTeX Color (DPC)

(/etc/texmf/tex/latex/config/color.cfg
File: color.cfg 2007/01/18 v1.5 color configuration of teTeX/TeXLive
)
Package color Info: Driver file: pdftex.def on input line 130.

(/usr/share/texmf-texlive/tex/latex/pdftex-def/pdftex.def
File: pdftex.def 2007/01/08 v0.04d Graphics/color for pdfTeX
\Gread@gobject=\count88
))
(/usr/share/texmf-texlive/tex/latex/graphics/graphicx.sty
Package: graphicx 1999/02/16 v1.0f Enhanced LaTeX Graphics (DPC,SPQR)

(/usr/share/texmf-texlive/tex/latex/graphics/keyval.sty
Package: keyval 1999/03/16 v1.13 key=value parser (DPC)
\KV@toks@=\toks16
)
(/usr/share/texmf-texlive/tex/latex/graphics/graphics.sty
Package: graphics 2006/02/20 v1.0o Standard LaTeX Graphics (DPC,SPQR)

(/usr/share/texmf-texlive/tex/latex/graphics/trig.sty
Package: trig 1999/03/16 v1.09 sin cos tan (DPC)
)
(/etc/texmf/tex/latex/config/graphics.cfg
File: graphics.cfg 2007/01/18 v1.5 graphics configuration of teTeX/TeXLive
)
Package graphics Info: Driver file: pdftex.def on input line 90.
)
\Gin@req@height=\dimen107
\Gin@req@width=\dimen108
)
(/usr/share/texmf-texlive/tex/latex/caption/caption.sty
Package: caption 2007/01/07 v3.0k Customising captions (AR)

(/usr/share/texmf-texlive/tex/latex/caption/caption3.sty
Package: caption3 2007/01/07 v3.0k caption3 kernel (AR)
\captionmargin=\dimen109
\captionmarginx=\dimen110
\captionwidth=\dimen111
\captionindent=\dimen112
\captionparindent=\dimen113
\captionhangindent=\dimen114
))
(/usr/share/texmf-texlive/tex/latex/ltxmisc/url.sty
\Urlmuskip=\muskip10
Package: url 2005/06/27  ver 3.2  Verb mode for urls, etc.
)
(/usr/share/texmf-texlive/tex/latex/hyperref/hyperref.sty
Package: hyperref 2007/02/07 v6.75r Hypertext links for LaTeX
\@linkdim=\dimen115
\Hy@linkcounter=\count89
\Hy@pagecounter=\count90

(/usr/share/texmf-texlive/tex/latex/hyperref/pd1enc.def
File: pd1enc.def 2007/02/07 v6.75r Hyperref: PDFDocEncoding definition (HO)
Now handling font encoding PD1 ...
... no UTF-8 mapping file for font encoding PD1
)
(/etc/texmf/tex/latex/config/hyperref.cfg
File: hyperref.cfg 2002/06/06 v1.2 hyperref configuration of TeXLive
)
(/usr/share/texmf-texlive/tex/latex/oberdiek/kvoptions.sty
Package: kvoptions 2006/08/22 v2.4 Connects package keyval with LaTeX options (
HO)
)
Package hyperref Info: Option `final' set `true' on input line 2238.
Package hyperref Info: Option `plainpages' set `false' on input line 2238.
Package hyperref Info: Option `pdfpagelabels' set `true' on input line 2238.
Package hyperref Info: Option `bookmarks' set `true' on input line 2238.
Package hyperref Info: Hyper figures OFF on input line 2288.
Package hyperref Info: Link nesting OFF on input line 2293.
Package hyperref Info: Hyper index ON on input line 2296.
Package hyperref Info: Plain pages OFF on input line 2303.
Package hyperref Info: Backreferencing OFF on input line 2308.

Implicit mode ON; LaTeX internals redefined
Package hyperref Info: Bookmarks ON on input line 2444.
LaTeX Info: Redefining \url on input line 2599.
\Fld@menulength=\count91
\Field@Width=\dimen116
\Fld@charsize=\dimen117
\Choice@toks=\toks17
\Field@toks=\toks18
Package hyperref Info: Hyper figures OFF on input line 3102.
Package hyperref Info: Link nesting OFF on input line 3107.
Package hyperref Info: Hyper index ON on input line 3110.
Package hyperref Info: backreferencing OFF on input line 3117.
Package hyperref Info: Link coloring OFF on input line 3122.
\Hy@abspage=\count92
\c@Item=\count93
\c@Hfootnote=\count94
)
*hyperref using default driver hpdftex*
(/usr/share/texmf-texlive/tex/latex/hyperref/hpdftex.def
File: hpdftex.def 2007/02/07 v6.75r Hyperref driver for pdfTeX
\Fld@listcount=\count95
)
(/usr/share/texmf-texlive/tex/latex/base/textcomp.sty
Package: textcomp 2005/09/27 v1.99g Standard LaTeX package
Package textcomp Info: Sub-encoding information:
(textcomp)               5 = only ISO-Adobe without \textcurrency
(textcomp)               4 = 5 + \texteuro
(textcomp)               3 = 4 + \textohm
(textcomp)               2 = 3 + \textestimated + \textcurrency
(textcomp)               1 = TS1 - \textcircled - \t
(textcomp)               0 = TS1 (full)
(textcomp)             Font families with sub-encoding setting implement
(textcomp)             only a restricted character set as indicated.
(textcomp)             Family '?' is the default used for unknown fonts.
(textcomp)             See the documentation for details.
Package textcomp Info: Setting ? sub-encoding to TS1/1 on input line 71.

(/usr/share/texmf-texlive/tex/latex/base/ts1enc.def
File: ts1enc.def 2001/06/05 v3.0e (jk/car/fm) Standard LaTeX file
Now handling font encoding TS1 ...
... processing UTF-8 mapping file for font encoding TS1

(/usr/share/texmf-texlive/tex/latex/base/ts1enc.dfu
File: ts1enc.dfu 2006/03/30 v1.1i UTF-8 support for inputenc
   defining Unicode char U+00A2 (decimal 162)
   defining Unicode char U+00A3 (decimal 163)
   defining Unicode char U+00A4 (decimal 164)
   defining Unicode char U+00A5 (decimal 165)
   defining Unicode char U+00A6 (decimal 166)
   defining Unicode char U+00A7 (decimal 167)
   defining Unicode char U+00A8 (decimal 168)
   defining Unicode char U+00A9 (decimal 169)
   defining Unicode char U+00AA (decimal 170)
   defining Unicode char U+00AC (decimal 172)
   defining Unicode char U+00AE (decimal 174)
   defining Unicode char U+00AF (decimal 175)
   defining Unicode char U+00B0 (decimal 176)
   defining Unicode char U+00B1 (decimal 177)
   defining Unicode char U+00B2 (decimal 178)
   defining Unicode char U+00B3 (decimal 179)
   defining Unicode char U+00B4 (decimal 180)
   defining Unicode char U+00B5 (decimal 181)
   defining Unicode char U+00B6 (decimal 182)
   defining Unicode char U+00B7 (decimal 183)
   defining Unicode char U+00B9 (decimal 185)
   defining Unicode char U+00BA (decimal 186)
   defining Unicode char U+00BC (decimal 188)
   defining Unicode char U+00BD (decimal 189)
   defining Unicode char U+00BE (decimal 190)
   defining Unicode char U+00D7 (decimal 215)
   defining Unicode char U+00F7 (decimal 247)
   defining Unicode char U+0192 (decimal 402)
   defining Unicode char U+02C7 (decimal 711)
   defining Unicode char U+02D8 (decimal 728)
   defining Unicode char U+02DD (decimal 733)
   defining Unicode char U+0E3F (decimal 3647)
   defining Unicode char U+2016 (decimal 8214)
   defining Unicode char U+2020 (decimal 8224)
   defining Unicode char U+2021 (decimal 8225)
   defining Unicode char U+2022 (decimal 8226)
   defining Unicode char U+2030 (decimal 8240)
   defining Unicode char U+2031 (decimal 8241)
   defining Unicode char U+203B (decimal 8251)
   defining Unicode char U+203D (decimal 8253)
   defining Unicode char U+2044 (decimal 8260)
   defining Unicode char U+204E (decimal 8270)
   defining Unicode char U+2052 (decimal 8274)
   defining Unicode char U+20A1 (decimal 8353)
   defining Unicode char U+20A4 (decimal 8356)
   defining Unicode char U+20A6 (decimal 8358)
   defining Unicode char U+20A9 (decimal 8361)
   defining Unicode char U+20AB (decimal 8363)
   defining Unicode char U+20AC (decimal 8364)
   defining Unicode char U+20B1 (decimal 8369)
   defining Unicode char U+2103 (decimal 8451)
   defining Unicode char U+2116 (decimal 8470)
   defining Unicode char U+2117 (decimal 8471)
   defining Unicode char U+211E (decimal 8478)
   defining Unicode char U+2120 (decimal 8480)
   defining Unicode char U+2122 (decimal 8482)
   defining Unicode char U+2126 (decimal 8486)
   defining Unicode char U+2127 (decimal 8487)
   defining Unicode char U+212E (decimal 8494)
   defining Unicode char U+2190 (decimal 8592)
   defining Unicode char U+2191 (decimal 8593)
   defining Unicode char U+2192 (decimal 8594)
   defining Unicode char U+2193 (decimal 8595)
   defining Unicode char U+2329 (decimal 9001)
   defining Unicode char U+232A (decimal 9002)
   defining Unicode char U+2422 (decimal 9250)
   defining Unicode char U+25E6 (decimal 9702)
   defining Unicode char U+25EF (decimal 9711)
   defining Unicode char U+266A (decimal 9834)
))
LaTeX Info: Redefining \oldstylenums on input line 266.
Package textcomp Info: Setting cmr sub-encoding to TS1/0 on input line 281.
Package textcomp Info: Setting cmss sub-encoding to TS1/0 on input line 282.
Package textcomp Info: Setting cmtt sub-encoding to TS1/0 on input line 283.
Package textcomp Info: Setting cmvtt sub-encoding to TS1/0 on input line 284.
Package textcomp Info: Setting cmbr sub-encoding to TS1/0 on input line 285.
Package textcomp Info: Setting cmtl sub-encoding to TS1/0 on input line 286.
Package textcomp Info: Setting ccr sub-encoding to TS1/0 on input line 287.
Package textcomp Info: Setting ptm sub-encoding to TS1/4 on input line 288.
Package textcomp Info: Setting pcr sub-encoding to TS1/4 on input line 289.
Package textcomp Info: Setting phv sub-encoding to TS1/4 on input line 290.
Package textcomp Info: Setting ppl sub-encoding to TS1/3 on input line 291.
Package textcomp Info: Setting pag sub-encoding to TS1/4 on input line 292.
Package textcomp Info: Setting pbk sub-encoding to TS1/4 on input line 293.
Package textcomp Info: Setting pnc sub-encoding to TS1/4 on input line 294.
Package textcomp Info: Setting pzc sub-encoding to TS1/4 on input line 295.
Package textcomp Info: Setting bch sub-encoding to TS1/4 on input line 296.
Package textcomp Info: Setting put sub-encoding to TS1/5 on input line 297.
Package textcomp Info: Setting uag sub-encoding to TS1/5 on input line 298.
Package textcomp Info: Setting ugq sub-encoding to TS1/5 on input line 299.
Package textcomp Info: Setting ul8 sub-encoding to TS1/4 on input line 300.
Package textcomp Info: Setting ul9 sub-encoding to TS1/4 on input line 301.
Package textcomp Info: Setting augie sub-encoding to TS1/5 on input line 302.
Package textcomp Info: Setting dayrom sub-encoding to TS1/3 on input line 303.
Package textcomp Info: Setting dayroms sub-encoding to TS1/3 on input line 304.

Package textcomp Info: Setting pxr sub-encoding to TS1/0 on input line 305.
Package textcomp Info: Setting pxss sub-encoding to TS1/0 on input line 306.
Package textcomp Info: Setting pxtt sub-encoding to TS1/0 on input line 307.
Package textcomp Info: Setting txr sub-encoding to TS1/0 on input line 308.
Package textcomp Info: Setting txss sub-encoding to TS1/0 on input line 309.
Package textcomp Info: Setting txtt sub-encoding to TS1/0 on input line 310.
Package textcomp Info: Setting futs sub-encoding to TS1/4 on input line 311.
Package textcomp Info: Setting futx sub-encoding to TS1/4 on input line 312.
Package textcomp Info: Setting futj sub-encoding to TS1/4 on input line 313.
Package textcomp Info: Setting hlh sub-encoding to TS1/3 on input line 314.
Package textcomp Info: Setting hls sub-encoding to TS1/3 on input line 315.
Package textcomp Info: Setting hlst sub-encoding to TS1/3 on input line 316.
Package textcomp Info: Setting hlct sub-encoding to TS1/5 on input line 317.
Package textcomp Info: Setting hlx sub-encoding to TS1/5 on input line 318.
Package textcomp Info: Setting hlce sub-encoding to TS1/5 on input line 319.
Package textcomp Info: Setting hlcn sub-encoding to TS1/5 on input line 320.
Package textcomp Info: Setting hlcw sub-encoding to TS1/5 on input line 321.
Package textcomp Info: Setting hlcf sub-encoding to TS1/5 on input line 322.
Package textcomp Info: Setting pplx sub-encoding to TS1/3 on input line 323.
Package textcomp Info: Setting pplj sub-encoding to TS1/3 on input line 324.
Package textcomp Info: Setting ptmx sub-encoding to TS1/4 on input line 325.
Package textcomp Info: Setting ptmj sub-encoding to TS1/4 on input line 326.
)
(/usr/share/texmf-texlive/tex/latex/mdwtools/sverb.sty
Package: sverb 1996/05/08 1.3 Verbatim typesetting
\svtab=\dimen118
\listingindent=\dimen119
\sv@writefile=\write3
\sv@nestcount=\count96
)
(/usr/share/texmf-texlive/tex/latex/listings/listings.sty
\lst@mode=\count97
\lst@gtempboxa=\box26
\lst@token=\toks19
\lst@length=\count98
\lst@currlwidth=\dimen120
\lst@column=\count99
\lst@pos=\count100
\lst@lostspace=\dimen121
\lst@width=\dimen122
\lst@newlines=\count101
\lst@lineno=\count102
\c@lstlisting=\count103
\lst@maxwidth=\dimen123

(/usr/share/texmf-texlive/tex/latex/listings/lstpatch.sty
File: lstpatch.sty 2004/10/17 1.3b (Carsten Heinz)
)
(/usr/share/texmf-texlive/tex/latex/listings/lstmisc.sty
File: lstmisc.sty 2004/09/07 1.3 (Carsten Heinz)
\c@lstnumber=\count104
\lst@skipnumbers=\count105
\lst@framebox=\box27
)
(/usr/share/texmf-texlive/tex/latex/listings/listings.cfg
File: listings.cfg 2004/09/05 1.3 listings configuration
))
Package: listings 2004/10/17 1.3b (Carsten Heinz)

(/usr/share/texmf-texlive/tex/latex/tools/verbatim.sty
Package: verbatim 2003/08/22 v1.5q LaTeX2e package for verbatim enhancements
\every@verbatim=\toks20
\verbatim@line=\toks21
\verbatim@in@stream=\read1
)
(/usr/share/texmf-texlive/tex/latex/microtype/microtype.sty
Package: microtype 2007/01/21 v2.0 Micro-typography with pdfTeX (RS)
\MT@toks=\toks22
\MT@count=\count106
LaTeX Info: Redefining \lsstyle on input line 1370.
LaTeX Info: Redefining \lslig on input line 1370.
LaTeX Info: Redefining \textls on input line 1371.
\MT@lskern=\dimen124
Package microtype Info: Loading configuration file microtype.cfg.

(/usr/share/texmf-texlive/tex/latex/microtype/microtype.cfg
File: microtype.cfg 2007/01/14 v2.0 microtype main configuration file (RS)
))
(/usr/share/texmf-texlive/tex/latex/psnfss/newcent.sty
Package: newcent 2005/04/12 PSNFSS-v9.2a (SPQR) 
) (./principal.aux
(./codi.aux))
\openout1 = `principal.aux'.

LaTeX Font Info:    Checking defaults for OML/cmm/m/it on input line 39.
LaTeX Font Info:    ... okay on input line 39.
LaTeX Font Info:    Checking defaults for T1/cmr/m/n on input line 39.
LaTeX Font Info:    ... okay on input line 39.
LaTeX Font Info:    Checking defaults for OT1/cmr/m/n on input line 39.
LaTeX Font Info:    ... okay on input line 39.
LaTeX Font Info:    Checking defaults for OMS/cmsy/m/n on input line 39.
LaTeX Font Info:    ... okay on input line 39.
LaTeX Font Info:    Checking defaults for OMX/cmex/m/n on input line 39.
LaTeX Font Info:    ... okay on input line 39.
LaTeX Font Info:    Checking defaults for U/cmr/m/n on input line 39.
LaTeX Font Info:    ... okay on input line 39.
LaTeX Font Info:    Checking defaults for PD1/pdf/m/n on input line 39.
LaTeX Font Info:    ... okay on input line 39.
LaTeX Font Info:    Checking defaults for TS1/cmr/m/n on input line 39.
LaTeX Font Info:    Try loading font information for TS1+cmr on input line 39.
 (/usr/share/texmf-texlive/tex/latex/base/ts1cmr.fd
File: ts1cmr.fd 1999/05/25 v2.5h Standard LaTeX font definitions
)
LaTeX Font Info:    ... okay on input line 39.
LaTeX Font Info:    Try loading font information for T1+pnc on input line 39.

(/usr/share/texmf-texlive/tex/latex/psnfss/t1pnc.fd
File: t1pnc.fd 2001/06/04 font definitions for T1/pnc.
)
LaTeX Info: Redefining \l on input line 39.
LaTeX Info: Redefining \L on input line 39.
Package caption Info: hyperref package v6.74m (or newer) detected on input line
 39.
Package caption Info: listings package v1.2 (or newer) detected on input line 3
9.
Package hyperref Info: Link coloring OFF on input line 39.

(/usr/share/texmf-texlive/tex/latex/hyperref/nameref.sty
Package: nameref 2006/12/27 v2.28 Cross-referencing by name of section

(/usr/share/texmf-texlive/tex/latex/oberdiek/refcount.sty
Package: refcount 2006/02/20 v3.0 Data extraction from references (HO)
)
\c@section@level=\count107
)
LaTeX Info: Redefining \ref on input line 39.
LaTeX Info: Redefining \pageref on input line 39.
 (./principal.out)
(./principal.out)
\@outlinefile=\write4
\openout4 = `principal.out'.

Package microtype Info: Generating PDF output.
Package microtype Info: Character protrusion enabled (level 2).
Package microtype Info: Using default protrusion set `alltext'.
Package microtype Info: Automatic font expansion enabled (level 2),
(microtype)             stretch: 20, shrink: 20, step: 4, non-selected.
Package microtype Info: Using default expansion set `basictext'.
Package microtype Info: No tracking.
Package microtype Info: Adjustment of interword spacing enabled.
Package microtype Info: Using default spacing set `basictext'.
Package microtype Info: Adjustment of character kerning enabled.
Package microtype Info: Using default kerning set `alltext'.
 (/usr/share/texmf-texlive/tex/latex/microtype/mt-cmr.cfg
File: mt-cmr.cfg 2005/11/07 v1.9 microtype config. file: Computer Modern Roman 
(RS)
)
LaTeX Font Info:    External font `cmex10' loaded for size
(Font)              <14.4> on input line 42.
LaTeX Font Info:    External font `cmex10' loaded for size
(Font)              <7> on input line 42.

Overfull \hbox (4.47292pt too wide) in paragraph at lines 42--42
 [][] 
 []

LaTeX Font Info:    Font shape `T1/pnc/bx/n' in size <10.95> not available
(Font)              Font shape `T1/pnc/b/n' tried instead on input line 43.
(./descripcio.tex
LaTeX Font Info:    Font shape `T1/pnc/bx/n' in size <17.28> not available
(Font)              Font shape `T1/pnc/b/n' tried instead on input line 2.
 [1

{/var/lib/texmf/fonts/map/pdftex/updmap/pdftex.map}])
(./disseny.tex
LaTeX Font Info:    Try loading font information for T1+pcr on input line 12.
 (/usr/share/texmf-texlive/tex/latex/psnfss/t1pcr.fd
File: t1pcr.fd 2001/06/04 font definitions for T1/pcr.
)
LaTeX Font Info:    External font `cmex10' loaded for size
(Font)              <12> on input line 30.
LaTeX Font Info:    External font `cmex10' loaded for size
(Font)              <8> on input line 30.
LaTeX Font Info:    External font `cmex10' loaded for size
(Font)              <6> on input line 30.
LaTeX Font Info:    Font shape `T1/pnc/bx/n' in size <12> not available
(Font)              Font shape `T1/pnc/b/n' tried instead on input line 31.
)
(./implementacio.tex [2] [3]) (./proves.tex
LaTeX Font Info:    Font shape `T1/pnc/bx/n' in size <14.4> not available
(Font)              Font shape `T1/pnc/b/n' tried instead on input line 9.
 [4] [5] [6] [7]
Overfull \hbox (107.7pt too wide) in paragraph at lines 183--183
[]\T1/pcr/m/n/10 16:15:1 escriptura nombre 1 a la posici16:15:1 escriptura nomb
re 4 a la posicio 275[] 
 []


Overfull \hbox (143.4pt too wide) in paragraph at lines 186--186
[]\T1/pcr/m/n/10 16:15:1 escript16:15:1 escriptura nombre 43 16:15:1 escriptura
 nombre 47 a la posicio 487[] 
 []


Overfull \hbox (257.7pt too wide) in paragraph at lines 193--193
[]\T1/pcr/m/n/10 16:15:1 escriptura n16:15:1 escriptura nombre 44 a la posicio 
916:15:1 escriptura nombre 45 a la posicio 946[] 
 []

) (./conclusions.tex [8]
LaTeX Font Info:    External font `cmex10' loaded for size
(Font)              <5> on input line 14.
) [9]
\openout2 = `codi.aux'.

 (./codi.tex
(/usr/share/texmf-texlive/tex/latex/listings/lstlang1.sty
File: lstlang1.sty 2004/09/05 1.3 listings language file
)
(/usr/share/texmf-texlive/tex/latex/listings/lstmisc.sty
File: lstmisc.sty 2004/09/07 1.3 (Carsten Heinz)
)
Package hyperref Info: bookmark level for unknown lstlisting defaults to 0 on i
nput line 38.

(/usr/share/texmf-texlive/tex/latex/base/utf8.def
File: utf8.def 2006/03/30 v1.1i UTF-8 support for inputenc
) (./src/bitmap.h
LaTeX Font Info:    Font shape `T1/pcr/m/it' in size <10.95> not available
(Font)              Font shape `T1/pcr/m/sl' tried instead on input line 1.

Overfull \hbox (83.03943pt too wide) in paragraph at lines 1--2
[][][][][][][][][][][][][][][][][][][][][][][][][][][][][][][][][] 
 []


Overfull \hbox (106.36287pt too wide) in paragraph at lines 2--4
[][][][][][][][][][][][][][][][][][][][][][][][][][][][][][][][][] 
 []

LaTeX Font Info:    Font shape `T1/pcr/bx/n' in size <10.95> not available
(Font)              Font shape `T1/pcr/b/n' tried instead on input line 4.

Overfull \hbox (99.4644pt too wide) in paragraph at lines 23--24
[][][][][][][][][][][][][][][][][][][][][][][][][][][][][][][][][][] 
 []


Overfull \hbox (115.88939pt too wide) in paragraph at lines 33--34
[][][][][][][][][][][][][][][][][][][][][][][][][][][][][][][][][][][][][][][][
][] 
 []


Overfull \hbox (114.24686pt too wide) in paragraph at lines 34--35
[][][][][][][][][][][][][][][][][][][][][][][][][][][][][][][][][][][][][][] 
 []

[10

]
Overfull \hbox (109.3194pt too wide) in paragraph at lines 42--43
[][][][][][][][][][][][][][][][][][][][][][][][][][][][][][][][][][][][][][][][
][] 
 []


Overfull \hbox (46.90446pt too wide) in paragraph at lines 51--52
[][][][][][][][][][][][][][][][][][][][][][][][][][][][][][][][][] 
 []


Overfull \hbox (46.90446pt too wide) in paragraph at lines 57--58
[][][][][][][][][][][][][][][][][][][][][][][][][][][][][][][][][] 
 []

) (/usr/share/texmf-texlive/tex/latex/base/utf8.def
File: utf8.def 2006/03/30 v1.1i UTF-8 support for inputenc
) (./src/bitmap.c [11]
Overfull \hbox (99.4644pt too wide) in paragraph at lines 28--29
[][][][][][][][][][][][][][][][][][][][][][][][][][][][][][][][][][] 
 []


Overfull \hbox (67.9279pt too wide) in paragraph at lines 37--38
[][][][][][][][][][][][][][][][][][][][][][][][] 
 []


Overfull \hbox (61.35818pt too wide) in paragraph at lines 41--42
[][][][][][][][][][][][][][][][][][][][][][][][][] 
 []


Overfull \hbox (48.21793pt too wide) in paragraph at lines 53--54
[][][][][][][][][][][][][][][][][][][][][][][][] 
 []

[12]
Overfull \hbox (115.88939pt too wide) in paragraph at lines 71--72
[][][][][][][][][][][][][][][][][][][][][][][][][][][][][][][][][][][][][][][][
][] 
 []


Overfull \hbox (12.41197pt too wide) in paragraph at lines 73--74
[][][][][][][][][][][][][][][][][][][][][][][][][][][][][][][][][] 
 []


Overfull \hbox (109.3194pt too wide) in paragraph at lines 94--95
[][][][][][][][][][][][][][][][][][][][][][][][][][][][][][][][][][][][][][][][
][] 
 []


Overfull \hbox (2.88553pt too wide) in paragraph at lines 101--102
[][][][][][][][][][][][][][][][][][][][][][][][][][][] 
 []

[13]
Overfull \hbox (46.90446pt too wide) in paragraph at lines 117--118
[][][][][][][][][][][][][][][][][][][][][][][][][][][][][][][][][] 
 []


Overfull \hbox (40.33447pt too wide) in paragraph at lines 141--142
[][][][][][][][][][][][][][][][][][][][][][][][][][][][][][][][][] 
 []

[14]
Overfull \hbox (2.88525pt too wide) in paragraph at lines 157--158
[][][][][][][][][][][][][][][][][][][][][][][][][][][][] 
 []

) (/usr/share/texmf-texlive/tex/latex/base/utf8.def
File: utf8.def 2006/03/30 v1.1i UTF-8 support for inputenc
) (./src/block.h
Overfull \hbox (102.7494pt too wide) in paragraph at lines 1--2
[][][][][][][][][][][][][][][][][][][][][][][][][][][][][][][][][][][] 
 []


Overfull \hbox (87.96689pt too wide) in paragraph at lines 2--3
[][][][][][][][][][][][][][][][][][][][][][][][][][][][][][][][][][] 
 []


Overfull \hbox (62.01546pt too wide) in paragraph at lines 7--8
[][][][][][][][][][][][][][][][][][][][][][][][][][][][] 
 []

[15]
Overfull \hbox (35.40695pt too wide) in paragraph at lines 29--30
[][][][][][][][][][][][][][][][][][][][][][][][][][][][][][][][] 
 []


Overfull \hbox (40.33447pt too wide) in paragraph at lines 43--44
[][][][][][][][][][][][][][][][][][][][][][][][][][][][][] 
 []

) (/usr/share/texmf-texlive/tex/latex/base/utf8.def
File: utf8.def 2006/03/30 v1.1i UTF-8 support for inputenc
) (./src/block.c [16]
Overfull \hbox (60.04445pt too wide) in paragraph at lines 27--28
[][][][][][][][][][][][][][][][][][][][][][][][][][][][][][][][] 
 []


Overfull \hbox (87.63815pt too wide) in paragraph at lines 32--33
[][][][][][][][][][][][][][][][][][][][][][][] 
 []


Overfull \hbox (67.9279pt too wide) in paragraph at lines 34--35
[][][][][][][][][][][][][][][][][][][][][][][][][][][][][][] 
 []


Overfull \hbox (74.4979pt too wide) in paragraph at lines 43--44
[][][][][][][][][][][][][][][][][][][][][][][][][][][][][][] 
 []


Overfull \hbox (54.78792pt too wide) in paragraph at lines 53--54
[][][][][][][][][][][][][][][][][][][][][][][][][][][][][] 
 []

[17]
Overfull \hbox (87.63788pt too wide) in paragraph at lines 58--59
[][][][][][][][][][][][][][][][][][][][][][][][][][][][][][] 
 []


Overfull \hbox (48.21793pt too wide) in paragraph at lines 69--70
[][][][][][][][][][][][][][][][][][][][][][][][][][][][][] 
 []

) (/usr/share/texmf-texlive/tex/latex/base/utf8.def
File: utf8.def 2006/03/30 v1.1i UTF-8 support for inputenc
) (./src/block_lib.h
Overfull \hbox (125.74437pt too wide) in paragraph at lines 1--2
[][][][][][][][][][][][][][][][][][][][][][][][][][][][][][][][][][] 
 []


Overfull \hbox (124.10184pt too wide) in paragraph at lines 9--10
[][][][][][][][][][][][][][][][][][][][][][][][][][][][][][][][][][][][][][] 
 []


Overfull \hbox (73.18443pt too wide) in paragraph at lines 14--15
[][][][][][][][][][][][][][][][][][][][][][][][][][][][][][][] 
 []

[18]
Overfull \hbox (106.0344pt too wide) in paragraph at lines 20--21
[][][][][][][][][][][][][][][][][][][][][][][][][][][][][][][] 
 []


Overfull \hbox (45.26193pt too wide) in paragraph at lines 27--28
[][][][][][][][][][][][][][][][][][][][][][][][][][][][][] 
 []


Overfull \hbox (71.5419pt too wide) in paragraph at lines 34--35
[][][][][][][][][][][][][][][][][][][][][][][][][][][][] 
 []


Overfull \hbox (122.45938pt too wide) in paragraph at lines 46--47
[][][][][][][][][][][][][][][][][][][][][][][][][][][][][][][][][][][][][] 
 []


Overfull \hbox (114.24686pt too wide) in paragraph at lines 47--48
[][][][][][][][][][][][][][][][][][][][][][][][][][][][][][][][][][][] 
 []


Overfull \hbox (71.5419pt too wide) in paragraph at lines 48--49
[][][][][][][][][][][][][][][][][][][][][][][][][][][][][][][][][][] 
 []


Overfull \hbox (122.45938pt too wide) in paragraph at lines 54--55
[][][][][][][][][][][][][][][][][][][][][][][][][][][][][][][][][][][][][][][] 

 []


Overfull \hbox (114.24686pt too wide) in paragraph at lines 55--56
[][][][][][][][][][][][][][][][][][][][][][][][][][][][][][][][][][][][][][][] 

 []

[19]
Overfull \hbox (69.89944pt too wide) in paragraph at lines 62--63
[][][][][][][][][][][][][][][][][][][][][][][][][][][][][][][] 
 []


Overfull \hbox (84.68188pt too wide) in paragraph at lines 63--64
[][][][][][][][][][][][][][][][][][][][][][][][][][][][][][][][][] 
 []


Overfull \hbox (127.38684pt too wide) in paragraph at lines 64--65
[][][][][][][][][][][][][][][][][][][][][][][][][][][][][][][][] 
 []


Overfull \hbox (64.97191pt too wide) in paragraph at lines 66--67
[][][][][][][][][][][][][][][][][][][][][][][][][][][][][][][][][][][][][] 
 []


Overfull \hbox (129.02937pt too wide) in paragraph at lines 70--71
[][][][][][][][][][][][][][][][][][][][][][][][][][][][][][][][] 
 []


Overfull \hbox (120.81685pt too wide) in paragraph at lines 71--72
[][][][][][][][][][][][][][][][][][][][][][][][][][][][][][][][][][][][] 
 []


Overfull \hbox (117.53185pt too wide) in paragraph at lines 72--73
[][][][][][][][][][][][][][][][][][][][][][][][][][][][][][][][][][] 
 []

) (/usr/share/texmf-texlive/tex/latex/base/utf8.def
File: utf8.def 2006/03/30 v1.1i UTF-8 support for inputenc
) (./src/block_lib.c
Overfull \hbox (109.3194pt too wide) in paragraph at lines 17--18
[][][][][][][][][][][][][][][][][][][][][][][][][][][][][][][][][] 
 []


Overfull \hbox (127.38684pt too wide) in paragraph at lines 18--19
[][][][][][][][][][][][][][][][][][][][][][][][][][][][][][][][][][][][][] 
 []


Overfull \hbox (120.81685pt too wide) in paragraph at lines 19--20
[][][][][][][][][][][][][][][][][][][][][][][][][][][][][][][][][][][][][][] 
 []

[20]
Overfull \hbox (100.77786pt too wide) in paragraph at lines 25--26
[][][][][][][][][][][][][][][][][][][][][][][][][][][][][][][][][] 
 []


Overfull \hbox (2.22826pt too wide) in paragraph at lines 33--34
[][][][][][][][][][][][][][][][][][][][][][] 
 []


Overfull \hbox (94.20815pt too wide) in paragraph at lines 43--44
[][][][][][][][][][][][][][][][][][][][][][][][][] 
 []


Overfull \hbox (2.88525pt too wide) in paragraph at lines 45--46
[][][][][][][][][][][][][][][][][][][][][][][][][][] 
 []


Overfull \hbox (87.63815pt too wide) in paragraph at lines 53--54
[][][][][][][][][][][][][][][][][][][][][][][][] 
 []


Overfull \hbox (121.14511pt too wide) in paragraph at lines 54--55
[][][][][][][][][][][][][][][][][][][][][][][][][][][] 
 []


Overfull \hbox (100.77814pt too wide) in paragraph at lines 58--60
[][][][][][][][][][][][][][][][][][][] 
 []

[21]
Overfull \hbox (42.3052pt too wide) in paragraph at lines 75--76
[][][][][][][][][][][][][][][][][][][][][][][][][][][][][] 
 []


Overfull \hbox (81.72516pt too wide) in paragraph at lines 78--79
[][][][][][][][][][][][][][][][][][][][][][][][][][][][][] 
 []

[22]
Overfull \hbox (122.45938pt too wide) in paragraph at lines 119--120
[][][][][][][][][][][][][][][][][][][][][][][][][][][][][][][][][][][][][] 
 []


Overfull \hbox (114.24686pt too wide) in paragraph at lines 120--121
[][][][][][][][][][][][][][][][][][][][][][][][][][][][][][][][][][][] 
 []


Overfull \hbox (71.5419pt too wide) in paragraph at lines 121--122
[][][][][][][][][][][][][][][][][][][][][][][][][][][][][][][][][][] 
 []


Overfull \hbox (2.22798pt too wide) in paragraph at lines 130--131
[][][][][][][][][][][][][][][][][][][][][][][][] 
 []


Overfull \hbox (28.50795pt too wide) in paragraph at lines 136--137
[][][][][][][][][][][][][][][][][][][][][][][][][][] 
 []


Overfull \hbox (74.4979pt too wide) in paragraph at lines 149--150
[][][][][][][][][][][][][][][][][][][][][][][][][][] 
 []

[23]
Overfull \hbox (89.60942pt too wide) in paragraph at lines 160--161
[][][][][][][][][][][][][][][][][][][][][][][][][][][][][][][][] 
 []


Overfull \hbox (114.24686pt too wide) in paragraph at lines 161--162
[][][][][][][][][][][][][][][][][][][][][][][][][][][][][][][][] 
 []


Overfull \hbox (69.89944pt too wide) in paragraph at lines 165--166
[][][][][][][][][][][][][][][][][][][][][][][][][][][][][][][] 
 []


Overfull \hbox (84.68188pt too wide) in paragraph at lines 166--167
[][][][][][][][][][][][][][][][][][][][][][][][][][][][][][][][][] 
 []


Overfull \hbox (127.38684pt too wide) in paragraph at lines 167--168
[][][][][][][][][][][][][][][][][][][][][][][][][][][][][][][][] 
 []


Overfull \hbox (64.97191pt too wide) in paragraph at lines 169--170
[][][][][][][][][][][][][][][][][][][][][][][][][][][][][][][][][][][][][] 
 []


Overfull \hbox (9.45525pt too wide) in paragraph at lines 176--177
[][][][][][][][][][][][][][][][][][][][][][][][] 
 []


Overfull \hbox (54.78792pt too wide) in paragraph at lines 177--178
[][][][][][][][][][][][][][][][][][][][][][][][][][][] 
 []


Overfull \hbox (42.3052pt too wide) in paragraph at lines 183--184
[][][][][][][][][][][][][][][][][][][][][][][][][][][] 
 []

[24]
Overfull \hbox (67.9279pt too wide) in paragraph at lines 193--194
[][][][][][][][][][][][][][][][][][][][][][][][] 
 []


Overfull \hbox (81.06789pt too wide) in paragraph at lines 200--201
[][][][][][][][][][][][][][][][][][][][][][][][][][][][] 
 []


Overfull \hbox (109.31912pt too wide) in paragraph at lines 205--206
[][][][][][][][][][][][][][][][][][][][][][][][][]\T1/pcr/m/n/10.95 ü[][][][][]
[][][] 
 []


Overfull \hbox (55.11665pt too wide) in paragraph at lines 206--207
[][][][][][][][][][][][][][][][][][][][][][][][][][][][][][] 
 []


Overfull \hbox (101.1066pt too wide) in paragraph at lines 207--208
[][][][][][][][][][][][][][][][][][][][][][][][][][][][][][][][][] 
 []


Overfull \hbox (94.86542pt too wide) in paragraph at lines 231--232
[][][][][][][][][][][][][][][][][][][][][][][][][] 
 []

[25]
Overfull \hbox (22.59496pt too wide) in paragraph at lines 239--240
[][][][][][][][][][][][][][][][][][][][][][][][][] 
 []


Overfull \hbox (22.59496pt too wide) in paragraph at lines 248--249
[][][][][][][][][][][][][][][][][][][][][][][][][] 
 []


Overfull \hbox (67.92735pt too wide) in paragraph at lines 250--251
[][][][][][][][][][][][][][][][][] 
 []


Overfull \hbox (129.02937pt too wide) in paragraph at lines 258--259
[][][][][][][][][][][][][][][][][][][][][][][][][][][][][][][][] 
 []


Overfull \hbox (114.24686pt too wide) in paragraph at lines 259--260
[][][][][][][][][][][][][][][][][][][][][][][][][][][][][][][][][][][][] 
 []


Overfull \hbox (117.53185pt too wide) in paragraph at lines 260--261
[][][][][][][][][][][][][][][][][][][][][][][][][][][][][][][][][][] 
 []


Overfull \hbox (61.35818pt too wide) in paragraph at lines 267--268
[][][][][][][][][][][][][][][][][][][][] 
 []


Overfull \hbox (81.06789pt too wide) in paragraph at lines 278--279
[][][][][][][][][][][][][][][][][][][][][][][][][][][][] 
 []

[26]
Overfull \hbox (9.4547pt too wide) in paragraph at lines 284--285
[][][][][][][][][][][][][][][][][][][][][][][] 
 []


Overfull \hbox (2.88498pt too wide) in paragraph at lines 292--293
[][][][][][][][][][][][][][][][][][][][][] 
 []


Overfull \hbox (100.77759pt too wide) in paragraph at lines 293--294
[][][][][][][][][][][][][][][][][][][][] 
 []

) (/usr/share/texmf-texlive/tex/latex/base/utf8.def
File: utf8.def 2006/03/30 v1.1i UTF-8 support for inputenc
) (./src/common.h
Overfull \hbox (101.43541pt too wide) in paragraph at lines 1--3
[][][][][][][][][][][][][][][][][][][][][][][][][][][][][][][][] 
 []


Overfull \hbox (22.5955pt too wide) in paragraph at lines 3--4
[][][][][][][][][][][][][][][][][][][][][][][][][][] 
 []


Overfull \hbox (94.86542pt too wide) in paragraph at lines 7--8
[][][][][][][][][][][][][][][][][][][][][][][][][][][][][][][][][][][][][][][][
][] 
 []

[27]
Overfull \hbox (115.88939pt too wide) in paragraph at lines 15--16
[][][][][][][][][][][][][][][][][][][][][][][][][][][][][][][][][][][][][][][][
][][] 
 []

) (/usr/share/texmf-texlive/tex/latex/base/utf8.def
File: utf8.def 2006/03/30 v1.1i UTF-8 support for inputenc
) (./src/super.h
Overfull \hbox (122.45938pt too wide) in paragraph at lines 1--2
[][][][][][][][][][][][][][][][][][][][][][][][][][][][][] 
 []


Overfull \hbox (107.67686pt too wide) in paragraph at lines 2--3
[][][][][][][][][][][][][][][][][][][][][][][][][][][][][][][][][][][][][][][][
] 
 []

[28]) [29] (/usr/share/texmf-texlive/tex/latex/base/utf8.def
File: utf8.def 2006/03/30 v1.1i UTF-8 support for inputenc
) (./src/super.c
Overfull \hbox (8.79825pt too wide) in paragraph at lines 24--25
[][][][][][][][][][][][][][][][][][][][][][] 
 []


Overfull \hbox (15.36824pt too wide) in paragraph at lines 25--26
[][][][][][][][][][][][][][][][][][][][][][][][] 
 []


Overfull \hbox (41.64821pt too wide) in paragraph at lines 26--27
[][][][][][][][][][][][][][][][][][][][][][][][] 
 []


Overfull \hbox (28.50822pt too wide) in paragraph at lines 27--28
[][][][][][][][][][][][][][][][][][][][][][][][] 
 []


Overfull \hbox (28.50822pt too wide) in paragraph at lines 28--29
[][][][][][][][][][][][][][][][][][][][][][][][] 
 []


Overfull \hbox (15.36824pt too wide) in paragraph at lines 29--30
[][][][][][][][][][][][][][][][][][][][][][][][] 
 []


Overfull \hbox (28.50822pt too wide) in paragraph at lines 31--32
[][][][][][][][][][][][][][][][][][][][][][][][] 
 []


Overfull \hbox (28.50822pt too wide) in paragraph at lines 32--33
[][][][][][][][][][][][][][][][][][][][][][][][] 
 []


Overfull \hbox (28.50822pt too wide) in paragraph at lines 33--34
[][][][][][][][][][][][][][][][][][][][][][][][] 
 []


Overfull \hbox (41.64821pt too wide) in paragraph at lines 34--35
[][][][][][][][][][][][][][][][][][][][][][][][] 
 []


Overfull \hbox (41.64821pt too wide) in paragraph at lines 35--36
[][][][][][][][][][][][][][][][][][][][][][][][] 
 []


Overfull \hbox (100.77814pt too wide) in paragraph at lines 36--37
[][][][][][][][][][][][][][][][][][][][][][][] 
 []

) (/usr/share/texmf-texlive/tex/latex/base/utf8.def
File: utf8.def 2006/03/30 v1.1i UTF-8 support for inputenc
) (./src/inode.h
Overfull \hbox (129.02937pt too wide) in paragraph at lines 1--2
[][][][][][][][][][][][][][][][][][][][][][][][][][][][][][][][][][][] 
 []

[30]
Overfull \hbox (81.3969pt too wide) in paragraph at lines 2--3
[][][][][][][][][][][][][][][][][][][][][][][][][][][][][][] 
 []


Overfull \hbox (101.10687pt too wide) in paragraph at lines 3--4
[][][][][][][][][][][][][][][][][][][][][][][][][][][][][][][][] 
 []


Overfull \hbox (2.88553pt too wide) in paragraph at lines 9--10
[][][][][][][][][][][][][][][][] 
 []


Overfull \hbox (2.88553pt too wide) in paragraph at lines 11--12
[][][][][][][][][][][][][][] 
 []


Overfull \hbox (2.88553pt too wide) in paragraph at lines 12--13
[][][][][][][][][][][][][][] 
 []


Overfull \hbox (68.58545pt too wide) in paragraph at lines 14--15
[][][][][][][][][][][][][][][][] 
 []


Overfull \hbox (42.30548pt too wide) in paragraph at lines 15--16
[][][][][][][][][][][][][][][][] 
 []


Overfull \hbox (42.30548pt too wide) in paragraph at lines 16--18
[][][][][][][][][][][][][][][][] 
 []


Overfull \hbox (29.1655pt too wide) in paragraph at lines 26--28
[][][][][][][][][][][][][][] 
 []


Overfull \hbox (55.44547pt too wide) in paragraph at lines 29--31
[][][][][][][][][][][][][][] 
 []


Overfull \hbox (114.24686pt too wide) in paragraph at lines 37--38
[][][][][][][][][][][][][][][][][][][][][][][][][][][][][][][][] 
 []


Overfull \hbox (60.04417pt too wide) in paragraph at lines 43--44
[][][][][][][][][][][][][][][][][][][][][][][]\T1/pcr/m/n/10.95 ü[][][][][][] 
 []

[31]
Overfull \hbox (55.44519pt too wide) in paragraph at lines 50--51
[][][][][][][][][][][][][][][][][][][][][][][][][][][][][][][][][][][][][][][][
][][] 
 []


Overfull \hbox (73.18443pt too wide) in paragraph at lines 64--65
[][][][][][][][][][][][][][][][][][][][][][][][][][][][][][][] 
 []


Overfull \hbox (35.07849pt too wide) in paragraph at lines 84--86
[][][][][][][][][][][][][][][][][][][][][][][] 
 []

[32]
Overfull \hbox (101.10687pt too wide) in paragraph at lines 94--95
[][][][][][][][][][][][][][][][][][][][][][][][][][][][][][][][][][] 
 []


Overfull \hbox (58.40192pt too wide) in paragraph at lines 98--99
[][][][][][][][][][][][][][][][][][][][][][][][][][][][][][][][][][][][] 
 []

)
Overfull \hbox (61.35846pt too wide) in paragraph at lines 101--74
[][][][][][][][][][][][][][][][][][][][][][][][][][][][] 
 []

(/usr/share/texmf-texlive/tex/latex/base/utf8.def
File: utf8.def 2006/03/30 v1.1i UTF-8 support for inputenc
) (./src/inode.c
Overfull \hbox (89.60942pt too wide) in paragraph at lines 8--9
[][][][][][][][][][][][][][][][][][][][][][][][][][][][][][][][] 
 []


Overfull \hbox (114.24686pt too wide) in paragraph at lines 9--10
[][][][][][][][][][][][][][][][][][][][][][][][][][][][][][][][] 
 []


Overfull \hbox (42.30548pt too wide) in paragraph at lines 19--20
[][][][][][][][][][][][][][][][][][][][][][][][][] 
 []

[33]
Overfull \hbox (67.92818pt too wide) in paragraph at lines 26--27
[][][][][][][][][][][][][][][][][][][][] 
 []


Overfull \hbox (28.50822pt too wide) in paragraph at lines 30--31
[][][][][][][][][][][][][][][][][][][] 
 []


Overfull \hbox (81.06816pt too wide) in paragraph at lines 62--63
[][][][][][][][][][][][][][][][][][][][][][] 
 []

[34]
Overfull \hbox (2.22798pt too wide) in paragraph at lines 69--70
[][][][][][][][][][][][][][][][][][][][][][] 
 []


Overfull \hbox (28.50822pt too wide) in paragraph at lines 74--76
[][][][][][][][][][][][][][][][][][][][] 
 []


Overfull \hbox (73.18443pt too wide) in paragraph at lines 79--80
[][][][][][][][][][][][][][][][][][][][][][][][][][][][][][][] 
 []


Overfull \hbox (35.40668pt too wide) in paragraph at lines 89--90
[][][][][][][][][][][][][][][][][][][][][][][][][] 
 []


Overfull \hbox (16.02524pt too wide) in paragraph at lines 99--100
[][][][][][][][][][][][][][][][][][][][][][] 
 []

[35]
Overfull \hbox (62.01546pt too wide) in paragraph at lines 140--141
[][][][][][][][][][][][][][][][][][][][][][][][][][][][] 
 []

[36]
Overfull \hbox (46.90446pt too wide) in paragraph at lines 175--176
[][][][][][][][][][][][][][][][][][][][][][][][][][][][][][][] 
 []


Overfull \hbox (0.91452pt too wide) in paragraph at lines 184--185
[][][][][][][][][][][][][][][][][][][] 
 []


Overfull \hbox (107.34813pt too wide) in paragraph at lines 189--190
[][][][][][][][][][][][][][][][][][][][][][][][][][][][][] 
 []


Overfull \hbox (107.34813pt too wide) in paragraph at lines 190--191
[][][][][][][][][][][][][][][][][][][][][][][][][][][][][] 
 []


Overfull \hbox (107.34813pt too wide) in paragraph at lines 191--192
[][][][][][][][][][][][][][][][][][][][][][][][][][][][][] 
 []

[37] [38]
Overfull \hbox (42.30466pt too wide) in paragraph at lines 245--246
[][][][][][][][][][][][][][][][][][][][][][] 
 []


Overfull \hbox (29.16467pt too wide) in paragraph at lines 258--259
[][][][][][][][][][][][][][][][][][][][][][] 
 []

[39]
Overfull \hbox (108.00458pt too wide) in paragraph at lines 299--300
[][][][][][][][][][][][][][][][][][][][][][][][][][] 
 []


Overfull \hbox (94.8646pt too wide) in paragraph at lines 315--316
[][][][][][][][][][][][][][][][][][][][][][][][][][] 
 []

[40]
Overfull \hbox (22.59468pt too wide) in paragraph at lines 331--332
[][][][][][][][][][][][][][][][][][][][][] 
 []


Overfull \hbox (46.90446pt too wide) in paragraph at lines 357--358
[][][][][][][][][][][][][][][][][][][][][][][][][][][][][][][] 
 []


Overfull \hbox (134.28537pt too wide) in paragraph at lines 366--367
[][][][][][][][][][][][][][][][][][][][][][][][][][][][][][][] 
 []

[41]
Overfull \hbox (101.10687pt too wide) in paragraph at lines 385--386
[][][][][][][][][][][][][][][][][][][][][][][][][][][][][][][][][][] 
 []


Overfull \hbox (58.40192pt too wide) in paragraph at lines 390--391
[][][][][][][][][][][][][][][][][][][][][][][][][][][][][][][][][][][][] 
 []


Overfull \hbox (74.8269pt too wide) in paragraph at lines 391--392
[][][][][][][][][][][][][][][][][][][][][][][][][][][][][][][][][][][][][][][][
][] 
 []


Overfull \hbox (68.58545pt too wide) in paragraph at lines 394--395
[][][][][][][][][][][][][][][][][][][][][][][][][][][][][][] 
 []


Overfull \hbox (100.77786pt too wide) in paragraph at lines 408--409
[][][][][][][][][][][][][][][][][][][][][][][][][] 
 []


Overfull \hbox (87.63788pt too wide) in paragraph at lines 410--411
[][][][][][][][][][][][][][][][][][][][][][][][] 
 []

[42]) (/usr/share/texmf-texlive/tex/latex/base/utf8.def
File: utf8.def 2006/03/30 v1.1i UTF-8 support for inputenc
) (./src/file.h
Overfull \hbox (115.88939pt too wide) in paragraph at lines 1--2
[][][][][][][][][][][][][][][][][][][][][][][][][][][][][][] 
 []


Overfull \hbox (87.96689pt too wide) in paragraph at lines 2--3
[][][][][][][][][][][][][][][][][][][][][][][][][][][][][][][][][] 
 []


Overfull \hbox (73.51291pt too wide) in paragraph at lines 3--5
[][][][][][][][][][][][][][][][][][][][][][][][][][][][][][][][][] 
 []


Overfull \hbox (138.88435pt too wide) in paragraph at lines 9--10
[][][][][][][][][][][][][][][][][][][][][][][][][][][][][][][][][][][][] 
 []


Overfull \hbox (122.45938pt too wide) in paragraph at lines 20--21
[][][][][][][][][][][][][][][][][][][][][][][][][][][][][][][][][][][][][][] 
 []


Overfull \hbox (87.96689pt too wide) in paragraph at lines 21--22
[][][][][][][][][][][][][][][][][][][][][][][][][][][][][][][] 
 []


Overfull \hbox (74.49844pt too wide) in paragraph at lines 29--31
[][][][][][][][][][][][][][][][][][][][][][][][][][][][][][] 
 []


Overfull \hbox (104.39186pt too wide) in paragraph at lines 32--33
[][][][][][][][][][][][][][][][][][][][][][][][][][][][][][][][][][][] 
 []


Overfull \hbox (68.25691pt too wide) in paragraph at lines 36--37
[][][][][][][][][][][][][][][][][][][][][][][][][][][][] 
 []

[43]
Overfull \hbox (15.36852pt too wide) in paragraph at lines 41--43
[][][][][][][][][][][][][][][][][][][][][][][][][][][][] 
 []

) (/usr/share/texmf-texlive/tex/latex/base/utf8.def
File: utf8.def 2006/03/30 v1.1i UTF-8 support for inputenc
) (./src/file.c [44]
Overfull \hbox (4.19952pt too wide) in paragraph at lines 16--17
[][][][][][][][][][][][][][][][][][][][][][][][][] 
 []


Overfull \hbox (40.33447pt too wide) in paragraph at lines 20--21
[][][][][][][][][][][][][][][][][][][][][][][][][][][] 
 []


Overfull \hbox (25.55196pt too wide) in paragraph at lines 21--22
[][][][][][][][][][][][][][][][][][][][][][][][][][][] 
 []


Overfull \hbox (16.02455pt too wide) in paragraph at lines 32--33
[][][][][][][][][][][][][][][][][][][][][][][][] 
 []


Overfull \hbox (21.93823pt too wide) in paragraph at lines 38--39
[][][][][][][][][][][][][][][][][][][][][][][][][][][][][] 
 []


Overfull \hbox (115.88939pt too wide) in paragraph at lines 43--44
[][][][][][][][][][][][][][][][][][][][][][][][][][][][][][][][][][][][][][] 
 []


Overfull \hbox (117.53185pt too wide) in paragraph at lines 44--45
[][][][][][][][][][][][][][][][][][][][][][][][][][][][][][][][][][][][][] 
 []


Overfull \hbox (87.96689pt too wide) in paragraph at lines 45--46
[][][][][][][][][][][][][][][][][][][][][][][][][][][][][][][][] 
 []


Overfull \hbox (81.72543pt too wide) in paragraph at lines 53--54
[][][][][][][][][][][][][][][][][][][][][][][][][][][][][][][][] 
 []


Overfull \hbox (108.00513pt too wide) in paragraph at lines 55--56
[][][][][][][][][][][][][][][][][][][][][][][][][][][][][][][][][] 
 []

[45]
Overfull \hbox (75.15517pt too wide) in paragraph at lines 58--59
[][][][][][][][][][][][][][][][][][][][][][][][][][][][] 
 []


Overfull \hbox (92.89413pt too wide) in paragraph at lines 69--70
[][][][][][][][][][][][][][][][][][][][][][][][][][][][][][][] 
 []


Overfull \hbox (3.86955pt too wide) in paragraph at lines 72--73
[][][][][][][][][][][][][][][][] 
 []


Overfull \hbox (61.35791pt too wide) in paragraph at lines 74--75
[][][][][][][][][][][][][][][][][][][][][][][][][][] 
 []


Overfull \hbox (61.35818pt too wide) in paragraph at lines 78--79
[][][][][][][][][][][][][][][][][][][][][][][][][][][][][][][][][][] 
 []


Overfull \hbox (8.79825pt too wide) in paragraph at lines 94--95
[][][][][][][][][][][][][][][][][][][][][] 
 []

[46]
Overfull \hbox (51.83159pt too wide) in paragraph at lines 101--102
[][][][][][][][][][][][][][][][][][][][][][][][][][][] 
 []


Overfull \hbox (21.93796pt too wide) in paragraph at lines 105--106
[][][][][][][][][][][][][][][][][][][][][][] 
 []


Overfull \hbox (2.2277pt too wide) in paragraph at lines 107--108
[][][][][][][][][][][][][][][][][][][][] 
 []


Overfull \hbox (133.62782pt too wide) in paragraph at lines 111--112
[][][][][][][][][][][][][][][][][][][][][][] 
 []


Overfull \hbox (21.93796pt too wide) in paragraph at lines 120--121
[][][][][][][][][][][][][][][][][][][][][][] 
 []


Overfull \hbox (2.2277pt too wide) in paragraph at lines 122--123
[][][][][][][][][][][][][][][][][][][][] 
 []


Overfull \hbox (146.7678pt too wide) in paragraph at lines 127--128
[][][][][][][][][][][][][][][][][][][][][][][][][] 
 []


Overfull \hbox (75.15517pt too wide) in paragraph at lines 133--134
[][][][][][][][][][][][][][][][][][][][][][][][][][][][][][] 
 []


Overfull \hbox (2.22826pt too wide) in paragraph at lines 135--136
[][][][][][][][][][][][][][][][][][][][][][] 
 []


Overfull \hbox (21.93796pt too wide) in paragraph at lines 141--142
[][][][][][][][][][][][][][][][][][][][][][][][][][] 
 []

[47]
Overfull \hbox (64.97191pt too wide) in paragraph at lines 149--150
[][][][][][][][][][][][][][][][][][][][][][][][][][][][] 
 []


Overfull \hbox (22.5955pt too wide) in paragraph at lines 154--155
[][][][][][][][][][][][][][][][][][][][][][][][][][][][][][] 
 []


Overfull \hbox (109.31912pt too wide) in paragraph at lines 158--159
[][][][][][][][][][][][][][][][][][][][][][][][][][][][][][] 
 []


Overfull \hbox (3.86955pt too wide) in paragraph at lines 168--169
[][][][][][][][][][][][][][][][] 
 []


Overfull \hbox (61.35791pt too wide) in paragraph at lines 171--172
[][][][][][][][][][][][][][][][][][][][][][][][][][] 
 []

[48]
Overfull \hbox (62.01518pt too wide) in paragraph at lines 189--190
[][][][][][][][][][][][][][][][][][][][][][][][][][][][][][] 
 []


Overfull \hbox (35.07822pt too wide) in paragraph at lines 191--192
[][][][][][][][][][][][][][][][][][][][][][] 
 []


Overfull \hbox (102.74913pt too wide) in paragraph at lines 199--200
[][][][][][][][][][][][][][][]\T1/pcr/m/n/10.95 ^^S^^T[][][][][][][][][][][][][
][][] 
 []


Overfull \hbox (103.07753pt too wide) in paragraph at lines 200--201
[][][][][][][][][][][][][][][][][][][][][][][][][][][][][][] 
 []


Overfull \hbox (15.36797pt too wide) in paragraph at lines 206--207
[][][][][][][][][][][][][][][][][][][][][] 
 []


Overfull \hbox (87.63788pt too wide) in paragraph at lines 207--208
[][][][][][][][][][][][][][][][][][][][][][][][][][] 
 []


Overfull \hbox (259.11494pt too wide) in paragraph at lines 215--216
[][][][][][][][][][][][][][][][][][][][][][][][][][][][][][][][][][][][][][][] 

 []


Overfull \hbox (15.36824pt too wide) in paragraph at lines 217--219
[][][][][][][][][][][][][][][][][][][][][][][][] 
 []


Overfull \hbox (54.78792pt too wide) in paragraph at lines 220--221
[][][][][][][][][][][][][][][][][][][][][][][][][][] 
 []


Overfull \hbox (7.1553pt too wide) in paragraph at lines 226--228
[][][][][][][][][][][][][][][][] 
 []

[49]
Overfull \hbox (4.19897pt too wide) in paragraph at lines 244--245
[][][][][][][][][][][][][][][][][][][][][][][][][][] 
 []


Overfull \hbox (15.36824pt too wide) in paragraph at lines 249--250
[][][][][][][][][][][][][][][][][][] 
 []


Overfull \hbox (22.59496pt too wide) in paragraph at lines 251--252
[][][][][][][][][][][][][][][][][][][][] 
 []


Overfull \hbox (56.75864pt too wide) in paragraph at lines 252--253
[][][][][][][][][][][][][][][][][]
 []


Overfull \hbox (21.93713pt too wide) in paragraph at lines 253--254
[][][][][][][][][][][][] 
 []


Overfull \hbox (41.64738pt too wide) in paragraph at lines 255--256
[][][][][][][][][][][][][] 
 []


Overfull \hbox (61.35736pt too wide) in paragraph at lines 256--257
[][][][][][][][][][][][][][][][] 
 []


Overfull \hbox (17.33896pt too wide) in paragraph at lines 263--264
[][][][][][][][][][][][][][][][][][][][][][][][] 
 []


Overfull \hbox (40.6624pt too wide) in paragraph at lines 264--265
[][][][][][][][][][][][][][][][][][][][][][][][][] 
 []


Overfull \hbox (9.45483pt too wide) in paragraph at lines 266--267
[][][][][][][][][][][][][][][][][][] 
 []


Overfull \hbox (8.7977pt too wide) in paragraph at lines 268--269
[][][][][][][][][][][][][][][][] 
 []

[50]
Overfull \hbox (14.3823pt too wide) in paragraph at lines 280--281
[][][][][][][][][][][][][][][][][][] 
 []


Overfull \hbox (16.02496pt too wide) in paragraph at lines 288--289
[][][][][][][][][][][][][][][][][][][][][][][][] 
 []


Overfull \hbox (21.93686pt too wide) in paragraph at lines 291--292
[][][][][][][][][][] 
 []

[51]) (/usr/share/texmf-texlive/tex/latex/base/utf8.def
File: utf8.def 2006/03/30 v1.1i UTF-8 support for inputenc
) (./src/dir.h
Overfull \hbox (122.45938pt too wide) in paragraph at lines 1--2
[][][][][][][][][][][][][][][][][][][][][][][][][][] 
 []


Overfull \hbox (101.10687pt too wide) in paragraph at lines 2--3
[][][][][][][][][][][][][][][][][][][][][][][][][][][][][][][][][][][] 
 []


Overfull \hbox (9.45525pt too wide) in paragraph at lines 12--13
[][][][][][][][][][][][][][][][][][][][][][][][][] 
 []


Overfull \hbox (50.18947pt too wide) in paragraph at lines 15--16
[][][][][][][][][][][][][][][][][][][][][][][][][][][][][][] 
 []


Overfull \hbox (35.07849pt too wide) in paragraph at lines 23--25
[][][][][][][][][][][][][][][][][][][][][][][][][][][] 
 []


Overfull \hbox (43.61948pt too wide) in paragraph at lines 25--26
[][][][][][][][][][][][][][][][][][][][][][][][][][][][][][][][][][] 
 []


Overfull \hbox (45.26193pt too wide) in paragraph at lines 26--27
[][][][][][][][][][][][][][][][][][][][][][][][][][][][][][][][][][][][][][] 
 []

[52]
Overfull \hbox (61.68692pt too wide) in paragraph at lines 28--29
[][][][][][][][][][][][][][][][][][][][][][][][][][][][][][][] 
 []


Overfull \hbox (3.8701pt too wide) in paragraph at lines 36--38
[][][][][][][][][][][][][][][][] 
 []


Overfull \hbox (129.02937pt too wide) in paragraph at lines 38--39
[][][][][][][][][][][][][][][][][][][][][][][][][][][][][][][][][][][][][][] 
 []


Overfull \hbox (68.25691pt too wide) in paragraph at lines 40--41
[][][][][][][][][][][][][][][][][][][][][][][][][][][][][][] 
 []


Overfull \hbox (109.3194pt too wide) in paragraph at lines 58--59
[][][][][][][][][][][][][][][][][][][][][][][][][][][][][][][][][][][] 
 []


Overfull \hbox (92.89441pt too wide) in paragraph at lines 59--60
[][][][][][][][][][][][][][][][][][][][][][][] 
 []


Overfull \hbox (129.02937pt too wide) in paragraph at lines 67--68
[][][][][][][][][][][][][][][][][][][][][][][][][][][][][][][][][][] 
 []


Overfull \hbox (68.25691pt too wide) in paragraph at lines 68--69
[][][][][][][][][][][][][][][][][][][][][][][][][][][] 
 []


Overfull \hbox (41.97694pt too wide) in paragraph at lines 69--70
[][][][][][][][][][][][][][][][][][][][][][][][][][][][][][][][][] 
 []

[53]
Overfull \hbox (2.22853pt too wide) in paragraph at lines 76--78
[][][][][][][][][][][][][][][][][][][][][][][] 
 []


Overfull \hbox (129.02937pt too wide) in paragraph at lines 78--79
[][][][][][][][][][][][][][][][][][][][][][][][][][][][][][][][][][][][][] 
 []


Overfull \hbox (0.91452pt too wide) in paragraph at lines 102--103
[][][][][][][][][][][][][][][][][][][][][][][][][][][] 
 []


Overfull \hbox (20.95297pt too wide) in paragraph at lines 107--108
[][][][][][][][][][][][][][][][][][][][][][][][][][][] 
 []


Overfull \hbox (62.01546pt too wide) in paragraph at lines 112--113
[][][][][][][][][][][][][][][][][][][][][][][][][][][][][] 
 []

[54]
Overfull \hbox (81.3969pt too wide) in paragraph at lines 114--115
[][][][][][][][][][][][][][][][][][][][][][][][][][][][][][][] 
 []


Overfull \hbox (130.67183pt too wide) in paragraph at lines 130--131
[][][][][][][][][][][][][][][][][][][][][][][][][][][][][][][][][][][][][] 
 []


Overfull \hbox (67.92845pt too wide) in paragraph at lines 135--137
[][][][][][][][][][][][][][][][][][][][][][][][][][][][][][][] 
 []


Overfull \hbox (92.89441pt too wide) in paragraph at lines 137--138
[][][][][][][][][][][][][][][][][][][][][][][][][][][][][][][][][][] 
 []

)
Overfull \hbox (107.3484pt too wide) in paragraph at lines 144--84
[][][][][][][][][][][][][][][][][][][][][][][][][][][][][][][][][] 
 []

(/usr/share/texmf-texlive/tex/latex/base/utf8.def
File: utf8.def 2006/03/30 v1.1i UTF-8 support for inputenc
) (./src/dir.c [55]
Overfull \hbox (50.18947pt too wide) in paragraph at lines 13--14
[][][][][][][][][][][][][][][][][][][][][][][][][][][][][][] 
 []


Overfull \hbox (42.30548pt too wide) in paragraph at lines 21--22
[][][][][][][][][][][][][][][][][][][][][][][][][][][][][] 
 []


Overfull \hbox (48.21793pt too wide) in paragraph at lines 39--40
[][][][][][][][][][][][][][][][][][][][][][][][][][] 
 []

[56]
Overfull \hbox (43.61948pt too wide) in paragraph at lines 64--65
[][][][][][][][][][][][][][][][][][][][][][][][][][][][][][][][][][] 
 []


Overfull \hbox (45.26193pt too wide) in paragraph at lines 65--66
[][][][][][][][][][][][][][][][][][][][][][][][][][][][][][][][][][][][][][] 
 []


Overfull \hbox (61.68692pt too wide) in paragraph at lines 67--68
[][][][][][][][][][][][][][][][][][][][][][][][][][][][][][][] 
 []


Overfull \hbox (11.09709pt too wide) in paragraph at lines 75--77
[][][][][][][][][][][][][][][][][][] 
 []


Overfull \hbox (22.59496pt too wide) in paragraph at lines 86--87
[][][][][][][][][][][][][][][][][][][][][] 
 []

[57]
Overfull \hbox (115.88939pt too wide) in paragraph at lines 108--109
[][][][][][][][][][][][][][][][][][][][][][][][][][][][][][][][][][][][] 
 []


Overfull \hbox (107.67686pt too wide) in paragraph at lines 109--110
[][][][][][][][][][][][][][][][][][][][][][][][][][][][][][][][][][][] 
 []

[58]
Overfull \hbox (109.31912pt too wide) in paragraph at lines 143--144
[][][][][][][][][][][][][][][][][][][][][][][][][][][][][][] 
 []


Overfull \hbox (101.1066pt too wide) in paragraph at lines 144--145
[][][][][][][][][][][][][][][][][][][][][][][][][] 
 []


Overfull \hbox (8.79825pt too wide) in paragraph at lines 146--147
[][][][][][][][][][][][][][][][][][][] 
 []


Overfull \hbox (68.25664pt too wide) in paragraph at lines 149--150
[][][][][][][][][][][][][][][][][][][][][][][][][][] 
 []


Overfull \hbox (160.56479pt too wide) in paragraph at lines 153--154
[][][][][][][][][][][][][][][][][][][][][][][][][] 
 []


Overfull \hbox (35.73521pt too wide) in paragraph at lines 166--167
[][][][][][][][][][][][][][][][][][][][][][][][][][] 
 []


Overfull \hbox (87.63788pt too wide) in paragraph at lines 170--171
[][][][][][][][][][][][][][][][][][][][] 
 []


Overfull \hbox (14.0545pt too wide) in paragraph at lines 179--180
[][][][][][][][][][][][][][][][][][][][][][][][][][][][][] 
 []

[59]
Overfull \hbox (76.46944pt too wide) in paragraph at lines 180--181
[][][][][][][][][][][][][][][][][][][][][] 
 []


Overfull \hbox (54.78792pt too wide) in paragraph at lines 208--209
[][][][][][][][][][][][][][][][][][][][][][][][] 
 []


Overfull \hbox (67.92818pt too wide) in paragraph at lines 213--215
[][][][][][][][][][][][][][][][][][][] 
 []


Overfull \hbox (94.86514pt too wide) in paragraph at lines 215--216
[][][][][][][][][][][][][][][][][][][][][][][][][][][][][][] 
 []


Overfull \hbox (27.522pt too wide) in paragraph at lines 218--219
[][][][][][][][][][][][][][][][][][][][][][] 
 []


Overfull \hbox (35.73494pt too wide) in paragraph at lines 219--220
[][][][][][][][][][][][][][][][][][][][][][][][][][] 
 []


Overfull \hbox (48.87492pt too wide) in paragraph at lines 222--223
[][][][][][][][][][][][][][][][][][][][][][][][][][][][][][][][][] 
 []

[60]
Overfull \hbox (21.93823pt too wide) in paragraph at lines 230--232
[][][][][][][][][][][][][][][][][][][][][] 
 []


Overfull \hbox (68.58517pt too wide) in paragraph at lines 232--233
[][][][][][][][][][][][][][][][][][][][][][][][][][][] 
 []


Overfull \hbox (109.31912pt too wide) in paragraph at lines 242--243
[][][][][][][][][][][][][][][][][][][][][][][][][][][][][][][][] 
 []


Overfull \hbox (22.59523pt too wide) in paragraph at lines 245--246
[][][][][][][][][][][][][][][][][][][][][][][][] 
 []

[61]
Overfull \hbox (129.02937pt too wide) in paragraph at lines 266--267
[][][][][][][][][][][][][][][][][][][][][][][][][][][][][][][][][][] 
 []


Overfull \hbox (68.25691pt too wide) in paragraph at lines 267--268
[][][][][][][][][][][][][][][][][][][][][][][][][][][] 
 []


Overfull \hbox (41.97694pt too wide) in paragraph at lines 268--269
[][][][][][][][][][][][][][][][][][][][][][][][][][][][][][][][][] 
 []


Overfull \hbox (9.45552pt too wide) in paragraph at lines 275--276
[][][][][][][][][][][][][][][][][][][][][][][][][] 
 []


Overfull \hbox (67.92818pt too wide) in paragraph at lines 293--294
[][][][][][][][][][][][][][][] 
 []


Overfull \hbox (80.08194pt too wide) in paragraph at lines 297--298
[][][][][][][][][][][][][][][][][][][][][][] 
 []


Overfull \hbox (74.4979pt too wide) in paragraph at lines 298--299
[][][][][][][][][][][][][][][][][][][][][][][][][][] 
 []


Overfull \hbox (73.51195pt too wide) in paragraph at lines 306--307
[][][][][][][][][][][][][][][][][][][][][][] 
 []

[62]
Overfull \hbox (2.88525pt too wide) in paragraph at lines 312--313
[][][][][][][][][][][][][][][][][][][][][][][][][][] 
 []


Overfull \hbox (62.01518pt too wide) in paragraph at lines 321--322
[][][][][][][][][][][][][][][][][][][][][][][][][][][][] 
 []


Overfull \hbox (121.14511pt too wide) in paragraph at lines 322--323
[][][][][][][][][][][][][][][][][][][][][][][][][][][][][] 
 []


Overfull \hbox (17.66722pt too wide) in paragraph at lines 324--325
[][][][][][][][][][][][][][][][][][][][] 
 []


Overfull \hbox (102.7494pt too wide) in paragraph at lines 333--334
[][][][][][][][][][][][][][][][][][][][][][][][][][][][][][][][][][] 
 []


Overfull \hbox (124.10184pt too wide) in paragraph at lines 334--335
[][][][][][][][][][][][][][][][][][][][][][][][][][][][][][] 
 []


Overfull \hbox (101.43513pt too wide) in paragraph at lines 351--352
[][][][][][][][][][][][][][][][][][][][][][][][][][][][][][] 
 []

[63]
Overfull \hbox (87.63788pt too wide) in paragraph at lines 352--353
[][][][][][][][][][][][][][][][][][][][][][][][][][] 
 []


Overfull \hbox (83.03888pt too wide) in paragraph at lines 360--361
[][][][][][][][][][][][][][][][][][][][][][][][][][][][][][][][] 
 []


Overfull \hbox (9.45497pt too wide) in paragraph at lines 362--363
[][][][][][][][][][][][][][][][][][] 
 []


Overfull \hbox (102.74913pt too wide) in paragraph at lines 372--373
[][][][][][][][][][][][][][][][][][][][][][][][][][][][][][][][][][][] 
 []


Overfull \hbox (114.24658pt too wide) in paragraph at lines 373--374
[][][][][][][][][][][][][][][][][][][][][][][][][][][][][][][][][][] 
 []


Overfull \hbox (61.35818pt too wide) in paragraph at lines 375--376
[][][][][][][][][][][][][][][][][][] 
 []

[64]
Overfull \hbox (0.91452pt too wide) in paragraph at lines 416--417
[][][][][][][][][][][][][][][][][][][][][][][][][][][] 
 []


Overfull \hbox (20.95297pt too wide) in paragraph at lines 421--422
[][][][][][][][][][][][][][][][][][][][][][][][][][][] 
 []


Overfull \hbox (71.5419pt too wide) in paragraph at lines 422--423
[][][][][][][][][][][][][][][][][][][][][][][][][][][][][][][][][][] 
 []


Overfull \hbox (101.43513pt too wide) in paragraph at lines 428--429
[][][][][][][][][][][][][][][][][][][][][][][][][][][][][][][] 
 []

[65]
Overfull \hbox (74.49817pt too wide) in paragraph at lines 439--441
[][][][][][][][][][][][][][][][][][][][][][][][][] 
 []


Overfull \hbox (67.92763pt too wide) in paragraph at lines 453--454
[][][][][][][][][][][][][][][][] 
 []


Overfull \hbox (101.43459pt too wide) in paragraph at lines 455--456
[][][][][][][][][][][][][][][][][][][][][][][] 
 []


Overfull \hbox (16.02469pt too wide) in paragraph at lines 456--457
[][][][][][][][][][][][][][][][][][][][][] 
 []


Overfull \hbox (35.07767pt too wide) in paragraph at lines 457--458
[][][][][][][][][][][][][][][][][][][][][] 
 []


Overfull \hbox (74.49734pt too wide) in paragraph at lines 459--460
[][][][][][][][][][][][][][][][][][][][] 
 []


Overfull \hbox (22.59468pt too wide) in paragraph at lines 461--462
[][][][][][][][][][][][][][][][][][][][][][][][][][][][][][][] 
 []


Overfull \hbox (55.44464pt too wide) in paragraph at lines 465--466
[][][][][][][][][][][][][][][][][][][][][][][][][][][][][][][] 
 []


Overfull \hbox (42.30493pt too wide) in paragraph at lines 474--475
[][][][][][][][][][][][][][][][][][][][][][][][] 
 []

[66]
Overfull \hbox (75.15544pt too wide) in paragraph at lines 484--485
[][][][][][][][][][][][][][][][][][][][][][][][][][][][][] 
 []


Overfull \hbox (87.96689pt too wide) in paragraph at lines 486--487
[][][][][][][][][][][][][][][][][][][][][][][][][][][][][] 
 []


Overfull \hbox (29.1655pt too wide) in paragraph at lines 491--492
[][][][][][][][][][][][][][][][][][][][][] 
 []


Overfull \hbox (115.88911pt too wide) in paragraph at lines 496--497
[][][][][][][][][][][][][][][][][][][][][][][][][][][][][][][][][] 
 []


Overfull \hbox (28.83669pt too wide) in paragraph at lines 497--498
[][][][][][][][][][][][][][][][][][][][][][][][] 
 []


Overfull \hbox (48.21765pt too wide) in paragraph at lines 504--505
[][][][][][][][][][][][][][][][][][] 
 []


Overfull \hbox (56.75919pt too wide) in paragraph at lines 511--512
[][][][][][][][][][][][][][][][][][][][][][][][][]\T1/pcr/m/n/10.95 ^^S^^T[][][
][][][][] 
 []


Overfull \hbox (64.97163pt too wide) in paragraph at lines 512--513
[][][][][][][][][][][][][][][][][][][][][][][][][][][][][][][][] 
 []


Overfull \hbox (30.47922pt too wide) in paragraph at lines 517--518
[][][][][][][][][][][][][][][][][][][][][][][][][][][][] 
 []


Overfull \hbox (7.81271pt too wide) in paragraph at lines 518--519
[][][][][][][][][][][][][][][][][][][][][][][][][][][][] 
 []

[67]
Overfull \hbox (127.7151pt too wide) in paragraph at lines 539--540
[][][][][][][][][][][][][][][][][][][][][][][][][][][][][][][][][][] 
 []


Overfull \hbox (61.35818pt too wide) in paragraph at lines 545--546
[][][][][][][][][][][][][][][][][][][][][][][][][] 
 []


Overfull \hbox (130.67183pt too wide) in paragraph at lines 560--561
[][][][][][][][][][][][][][][][][][][][][][][][][][][][][][][][][][][][][] 
 []


Overfull \hbox (75.15544pt too wide) in paragraph at lines 565--566
[][][][][][][][][][][][][][][][][][][][][][][][][][][][][][][][][] 
 []

[68]
Overfull \hbox (101.43513pt too wide) in paragraph at lines 568--569
[][][][][][][][][][][][][][][][][][][][][][][][][][][][][][][] 
 []


Overfull \hbox (8.79825pt too wide) in paragraph at lines 573--574
[][][][][][][][][][][][][][][][][][][][][] 
 []


Overfull \hbox (92.89441pt too wide) in paragraph at lines 577--578
[][][][][][][][][][][][][][][][][][][][][][][][][][][][][][][][][][] 
 []


Overfull \hbox (114.5754pt too wide) in paragraph at lines 584--585
[][][][][][][][][][][][][][][][][][][][][][][][][][][][][][][][][][][] 
 []


Overfull \hbox (16.02524pt too wide) in paragraph at lines 587--588
[][][][][][][][][][][][][][][][][][][][][][][][][][] 
 []


Overfull \hbox (8.79825pt too wide) in paragraph at lines 597--598
[][][][][][][][][][][][][][][][][][][][][] 
 []

) (/usr/share/texmf-texlive/tex/latex/base/utf8.def
File: utf8.def 2006/03/30 v1.1i UTF-8 support for inputenc
) (./src/sem.h
Overfull \hbox (76.46944pt too wide) in paragraph at lines 1--2
[][][][][][][][][][][][][][][][][][][][][][][][][][] 
 []


Overfull \hbox (84.68188pt too wide) in paragraph at lines 2--3
[][][][][][][][][][][][][][][][][][][][][][][][][][][][][][][] 
 []

[69]
Overfull \hbox (114.24686pt too wide) in paragraph at lines 3--4
[][][][][][][][][][][][][][][][][][][][][][][][][][][][][][][][][][][] 
 []


Overfull \hbox (101.10687pt too wide) in paragraph at lines 4--5
[][][][][][][][][][][][][][][][][][][][][][][][][][][][][][][][] 
 []


Overfull \hbox (127.38684pt too wide) in paragraph at lines 5--6
[][][][][][][][][][][][][][][][][][][][][][][][][][][][][][][][][][][][][] 
 []


Overfull \hbox (107.67686pt too wide) in paragraph at lines 6--7
[][][][][][][][][][][][][][][][][][][][][][][][][][][][][][][][][][][][][][][][
] 
 []


Overfull \hbox (17.33951pt too wide) in paragraph at lines 29--30
[][][][][][][][][][][][][][][][][][][][][][][][][][] 
 []

) (/usr/share/texmf-texlive/tex/latex/base/utf8.def
File: utf8.def 2006/03/30 v1.1i UTF-8 support for inputenc
) (./src/sem.c [70]
Overfull \hbox (2.22798pt too wide) in paragraph at lines 23--24
[][][][][][][][][][][][][][][][][][][][][][][] 
 []


Overfull \hbox (17.33951pt too wide) in paragraph at lines 50--51
[][][][][][][][][][][][][][][][][][][][][][][][][][] 
 []

[71]) (/usr/share/texmf-texlive/tex/latex/base/utf8.def
File: utf8.def 2006/03/30 v1.1i UTF-8 support for inputenc
) (./src/sim.c
Overfull \hbox (122.45938pt too wide) in paragraph at lines 1--2
[][][][][][][][][][][][][][][][][][][][][][][][][][][][][][][] 
 []


Overfull \hbox (107.67686pt too wide) in paragraph at lines 2--3
[][][][][][][][][][][][][][][][][][][][][][][][][][][][][][][][][][][][][] 
 []


Overfull \hbox (9.45552pt too wide) in paragraph at lines 27--28
[][][][][][][][][][][][][][][][][][][][][][][][][][]\T1/pcr/m/n/10.95 ü[][][][]
[] 
 []


Overfull \hbox (16.02551pt too wide) in paragraph at lines 31--32
[][][][][][][][][][][][][][][][][][][][][][][][][][][] 
 []

[72]
Overfull \hbox (115.88939pt too wide) in paragraph at lines 36--37
[][][][][][][][][][][][][][][][][][][][][][][][][][][][][][][][] 
 []


Overfull \hbox (129.02937pt too wide) in paragraph at lines 45--46
[][][][][][][][][][][][][][][][][][][][][][][][][][][][][][][][][][] 
 []


Overfull \hbox (56.75946pt too wide) in paragraph at lines 66--67
[][][][][][][][][][][][][][][][][][][][][][][][][][][][] 
 []


Overfull \hbox (122.45938pt too wide) in paragraph at lines 67--68
[][][][][][][][][][][][][][][][][][][][][][][][][][][][][][][][][][][][][][][][
][][] 
 []


Overfull \hbox (129.02937pt too wide) in paragraph at lines 68--69
[][][][][][][][][][][][][][][][][][][][][][][][][][][][][][][][][][][][][][][] 

 []


Overfull \hbox (2.88553pt too wide) in paragraph at lines 69--70
[][][][][][][][][][][][][][][][][][][][][][][][][][][][][] 
 []

[73]
Overfull \hbox (48.8752pt too wide) in paragraph at lines 83--84
[][][][][][][][][][][][][][][][][][][][][][][][][][][][] 
 []


Overfull \hbox (106.03384pt too wide) in paragraph at lines 95--96
[][][][][][][][][][][][][][][][][][][][][][][][][][][][][][][][][][][][][] 
 []


Overfull \hbox (21.93768pt too wide) in paragraph at lines 96--97
[][][][][][][][][][][][][][][][][][][][][][][][][] 
 []


Overfull \hbox (28.50795pt too wide) in paragraph at lines 97--98
[][][][][][][][][][][][][][][][][][][][] 
 []


Overfull \hbox (35.07822pt too wide) in paragraph at lines 100--101
[][][][][][][][][][][][][][][][][][][][][][][][][][][][][][][] 
 []


Overfull \hbox (81.72516pt too wide) in paragraph at lines 116--117
[][][][][][][][][][][][][][][][][][][][][][][][][][][][][][] 
 []


Overfull \hbox (109.31912pt too wide) in paragraph at lines 117--118
[][][][][][][][][][][][][][][][][][][][][][][][][][][][][][] 
 []

[74]
Overfull \hbox (17.6675pt too wide) in paragraph at lines 124--125
[][][][][][][][][][][][][][][][][][][][][][][][][][][][] 
 []


Overfull \hbox (30.15048pt too wide) in paragraph at lines 126--127
[][][][][][][][][][][][][][][] 
 []


Overfull \hbox (30.1502pt too wide) in paragraph at lines 133--134
[][][][][][][][][][][][] 
 []


Overfull \hbox (4.52724pt too wide) in paragraph at lines 144--145
[][][][][][][][][][][][][][][][][][][][][][][][][][][][][][][][][][][][][][][][
] 
 []


Overfull \hbox (24.23694pt too wide) in paragraph at lines 145--146
[][][][][][][][][][][][][][][][][][][][][][][][][][][] 
 []

[75]
Overfull \hbox (96.17941pt too wide) in paragraph at lines 165--166
[][][][][][][][][][][][][][][][][][][][][][][][][][][][][][][][][] 
 []


Overfull \hbox (48.8752pt too wide) in paragraph at lines 173--174
[][][][][][][][][][][][][][][][][][][][][][][][][][][][][][][][][][][][][] 
 []


Overfull \hbox (96.17914pt too wide) in paragraph at lines 180--181
[][][][][][][][][][][][][][][][][][][][][][][][][][][][][][] 
 []


Overfull \hbox (80.08263pt too wide) in paragraph at lines 181--182
[][][][][][][][][][][][][][][][][][][][][][][][][][][][][][][] 
 []


Overfull \hbox (94.20815pt too wide) in paragraph at lines 182--183
[][][][][][][][][][][][][][][][][][][][][] 
 []


Overfull \hbox (48.2182pt too wide) in paragraph at lines 183--184
[][][][][][][][][][][][][][][][][][][][][][][][][][][][][] 
 []

[76]) (/usr/share/texmf-texlive/tex/latex/base/utf8.def
File: utf8.def 2006/03/30 v1.1i UTF-8 support for inputenc
) (./src/mi_append.c
Overfull \hbox (23.9095pt too wide) in paragraph at lines 6--7
[][][][][][][][][][][][][][][][][][][][][][][][] 
 []

[77]
Overfull \hbox (35.07794pt too wide) in paragraph at lines 26--27
[][][][][][][][][][][][][][][][][][][][][][][][][][] 
 []


Overfull \hbox (8.79825pt too wide) in paragraph at lines 31--32
[][][][][][][][][][][][][][][][][][][][][][] 
 []

) (/usr/share/texmf-texlive/tex/latex/base/utf8.def
File: utf8.def 2006/03/30 v1.1i UTF-8 support for inputenc
) (./src/mi_mkfs.c [78]
[79]
Overfull \hbox (114.57512pt too wide) in paragraph at lines 62--63
[][][][][][][][][][][][][][][][][][][][][][][][][][][][][][][][] 
 []


Overfull \hbox (35.07794pt too wide) in paragraph at lines 71--72
[][][][][][][][][][][][][][][][][][][][][][][][][][][] 
 []


Overfull \hbox (22.59496pt too wide) in paragraph at lines 83--84
[][][][][][][][][][][][][][][][][][][][][][][][][][][] 
 []

) (/usr/share/texmf-texlive/tex/latex/base/utf8.def
File: utf8.def 2006/03/30 v1.1i UTF-8 support for inputenc
) (./src/mi_cat.c [80]
Overfull \hbox (120.81685pt too wide) in paragraph at lines 11--12
[][][][][][][][][][][][][][][][][][][][][][][][][][][][][][][][][][][] 
 []


Overfull \hbox (88.29515pt too wide) in paragraph at lines 42--43
[][][][][][][][][][][][][][][][][][][][][][][][][][][][][][][] 
 []


Overfull \hbox (94.20787pt too wide) in paragraph at lines 43--44
[][][][][][][][][][][][][][][][][][][][][][][][][][][][][][][] 
 []


Overfull \hbox (113.91785pt too wide) in paragraph at lines 44--45
[][][][][][][][][][][][][][][][][][][][][][][][][][][][] 
 []

[81]
Overfull \hbox (89.60887pt too wide) in paragraph at lines 46--47
[][][][][][][][][][][][][][][][][][][][][][][][][][][][][][] 
 []

) (/usr/share/texmf-texlive/tex/latex/base/utf8.def
File: utf8.def 2006/03/30 v1.1i UTF-8 support for inputenc
) (./src/mi_ln.c [82])
(/usr/share/texmf-texlive/tex/latex/base/utf8.def
File: utf8.def 2006/03/30 v1.1i UTF-8 support for inputenc
) (./src/mi_ls.c
Overfull \hbox (73.51291pt too wide) in paragraph at lines 9--10
[][][][][][][][][][][][][][][][][][][][][][][][][][][][][][][][][][][][] 
 []


Overfull \hbox (81.72516pt too wide) in paragraph at lines 24--25
[][][][][][][][][][][][][][][][][][][][][][][][][][][][][][] 
 []


Overfull \hbox (109.31912pt too wide) in paragraph at lines 25--26
[][][][][][][][][][][][][][][][][][][][][][][][][][][][][][] 
 []

[83]
Overfull \hbox (35.73494pt too wide) in paragraph at lines 44--45
[][][][][][][][][][][][][][][][][][][][][][][][][][][][][][][][][][][][][] 
 []


Overfull \hbox (28.50795pt too wide) in paragraph at lines 54--55
[][][][][][][][][][][][][][][][][][][][][][][][][][][][][][][][][][][][] 
 []


Overfull \hbox (62.01463pt too wide) in paragraph at lines 64--65
[][][][][][][][][][][][][][][][][][][][][][][][][][][][] 
 []


Overfull \hbox (74.49762pt too wide) in paragraph at lines 66--67
[][][][][][][][][][][][][][][] 
 []


Overfull \hbox (28.50768pt too wide) in paragraph at lines 71--72
[][][][][][][][][][][][][][][][][] 
 []


Overfull \hbox (74.49734pt too wide) in paragraph at lines 73--74
[][][][][][][][][][][][] 
 []


Overfull \hbox (43.61838pt too wide) in paragraph at lines 74--75
[][][][][][][][][][][][][][][][][][][][][][][] 
 []

[84]
Overfull \hbox (35.73412pt too wide) in paragraph at lines 77--78
[][][][][][][][][][][][][][][][][][][][][][] 
 []


Overfull \hbox (29.16412pt too wide) in paragraph at lines 80--81
[][][][][][][][][][][][][][][][][][][][][][] 
 []


Overfull \hbox (48.87437pt too wide) in paragraph at lines 84--85
[][][][][][][][][][][][][][][][][][][][][][][][][][][][][][][][][][][][][][][][
] 
 []


Overfull \hbox (68.58408pt too wide) in paragraph at lines 85--86
[][][][][][][][][][][][][][][][][][][][][][][][][][][] 
 []


Overfull \hbox (21.93713pt too wide) in paragraph at lines 86--87
[][][][][][][][][][][][][][][][][] 
 []

) (/usr/share/texmf-texlive/tex/latex/base/utf8.def
File: utf8.def 2006/03/30 v1.1i UTF-8 support for inputenc
) (./src/mi_mkdir.c [85])
(/usr/share/texmf-texlive/tex/latex/base/utf8.def
File: utf8.def 2006/03/30 v1.1i UTF-8 support for inputenc
) (./src/mi_rm.c [86]
Overfull \hbox (35.07794pt too wide) in paragraph at lines 35--36
[][][][][][][][][][][][][][][][][][][][][][][][][][][] 
 []


Overfull \hbox (94.86514pt too wide) in paragraph at lines 47--48
[][][][][][][][][][][][][][][][][][][][][][][][][][][][][][][][] 
 []

[87]) (/usr/share/texmf-texlive/tex/latex/base/utf8.def
File: utf8.def 2006/03/30 v1.1i UTF-8 support for inputenc
) (./src/mi_stat.c
[88]
Overfull \hbox (15.36824pt too wide) in paragraph at lines 38--39
[][][][][][][][][][][][][][][][][][][][][][][][][][][][][][][][][] 
 []


Overfull \hbox (48.2182pt too wide) in paragraph at lines 39--40
[][][][][][][][][][][][][][][][][][][][][][][][][][][][][][][][][] 
 []


Overfull \hbox (100.77814pt too wide) in paragraph at lines 40--41
[][][][][][][][][][][][][][][][][][][][][][][][][][][][][][][][][] 
 []


Overfull \hbox (67.92818pt too wide) in paragraph at lines 41--42
[][][][][][][][][][][][][][][][][][][][][][][][][][][][][][][][][] 
 []

) (/usr/share/texmf-texlive/tex/latex/base/utf8.def
File: utf8.def 2006/03/30 v1.1i UTF-8 support for inputenc
) (./src/mi_touch.c
Overfull \hbox (107.67686pt too wide) in paragraph at lines 10--11
[][][][][][][][][][][][][][][][][][][][][][][][][][][][][][][][][][][][][] 
 []

[89]
Overfull \hbox (48.87492pt too wide) in paragraph at lines 40--41
[][][][][][][][][][][][][][][][][][][][][][][][][][] 
 []

) (/usr/share/texmf-texlive/tex/latex/base/utf8.def
File: utf8.def 2006/03/30 v1.1i UTF-8 support for inputenc
) (./src/mi_write.c [90]
Overfull \hbox (61.35818pt too wide) in paragraph at lines 30--31
[][][][][][][][][][][][][][][][][][][][][][][][] 
 []

) (/usr/share/texmf-texlive/tex/latex/base/utf8.def
File: utf8.def 2006/03/30 v1.1i UTF-8 support for inputenc
) (./src/mi_mount.c
Overfull \hbox (109.3194pt too wide) in paragraph at lines 2--3
[][][][][][][][][][][][][][][][][][][][][][][][][][][][][][][] 
 []

) (/usr/share/texmf-texlive/tex/latex/base/utf8.def
File: utf8.def 2006/03/30 v1.1i UTF-8 support for inputenc
) (./src/mi_umount.c
Overfull \hbox (96.17941pt too wide) in paragraph at lines 2--3
[][][][][][][][][][][][][][][][][][][][][][][][][][][][][][][][][] 
 []

) [91] (/usr/share/texmf-texlive/tex/latex/base/utf8.def
File: utf8.def 2006/03/30 v1.1i UTF-8 support for inputenc
)
(./src/tests_mapa_bits.c) (/usr/share/texmf-texlive/tex/latex/base/utf8.def
File: utf8.def 2006/03/30 v1.1i UTF-8 support for inputenc
)
(./src/tests_setmana1.c [92]
Overfull \hbox (42.3052pt too wide) in paragraph at lines 18--19
[][][][][][][][][][][][][][][][][][][][][][][][][][][][][][][][][] 
 []


Overfull \hbox (87.63843pt too wide) in paragraph at lines 19--20
[][][][][][][][][][][][][][][][][][][][][][][][][][][][][][][][][][][][][][][] 

 []


Overfull \hbox (35.07822pt too wide) in paragraph at lines 21--22
[][][][][][][][][][][][][][][][][][][][][][][][][][][][][][][][][] 
 []


Overfull \hbox (81.72433pt too wide) in paragraph at lines 30--31
[][][][][][][][][][][][][][][][][][][][][][][][][][][][][][][][][] 
 []


Overfull \hbox (8.79852pt too wide) in paragraph at lines 31--32
[][][][][][][][][][][][][][][][][][][][][][][][][][][][][][][][][][][][][][] 
 []


Overfull \hbox (101.43486pt too wide) in paragraph at lines 37--38
[][][][][][][][][][][][][][][][][][][][][][][][][][][][][][][][][][] 
 []


Overfull \hbox (75.15517pt too wide) in paragraph at lines 41--42
[][][][][][][][][][][][][][][][][][][][][][][][][][][][][] 
 []


Overfull \hbox (76.46944pt too wide) in paragraph at lines 42--43
[][][][][][][][][][][][][][][][][][][][][][][][][][][][][][][]
 []


Overfull \hbox (22.59523pt too wide) in paragraph at lines 46--47
[][][][][][][][][][][][][][][][][][][][][][][][][][][][] 
 []

[93]
Overfull \hbox (48.8741pt too wide) in paragraph at lines 60--61
[][][][][][][][][][][][][][][][][][][][][][][][][] 
 []


Overfull \hbox (72.85591pt too wide) in paragraph at lines 61--62
[][][][][][][][][][][][][][][][][][][][][][][][][][][][][][][][][][][][][][][][
][][][][] 
 []


Overfull \hbox (48.8741pt too wide) in paragraph at lines 68--69
[][][][][][][][][][][][][][][][][][][][][][][][][] 
 []


Overfull \hbox (59.71593pt too wide) in paragraph at lines 69--70
[][][][][][][][][][][][][][][][][][][][][][][][][][][][][][][][][][][][][][][][
][][][][] 
 []


Overfull \hbox (101.43486pt too wide) in paragraph at lines 76--77
[][][][][][][][][][][][][][][][][][][][][][][][][][][][][][][][][][] 
 []


Overfull \hbox (68.58517pt too wide) in paragraph at lines 80--81
[][][][][][][][][][][][][][][][][][][][][][][][][][][][][] 
 []


Overfull \hbox (81.72543pt too wide) in paragraph at lines 81--82
[][][][][][][][][][][][][][][][][][][][][][][][][][][][] 
 []


Overfull \hbox (108.00513pt too wide) in paragraph at lines 85--86
[][][][][][][][][][][][][][][][][][][][][][][][][][][][][][][][][][][][][] 
 []

[94]
Overfull \hbox (22.59496pt too wide) in paragraph at lines 106--107
[][][][][][][][][][][][][][][][][][][][][][][][][] 
 []


Overfull \hbox (55.44492pt too wide) in paragraph at lines 109--110
[][][][][][][][][][][][][][][][][][][][][][][][][][][][][] 
 []

) (/usr/share/texmf-texlive/tex/latex/base/utf8.def
File: utf8.def 2006/03/30 v1.1i UTF-8 support for inputenc
) (./src/tests_setmana2.c
[95]
Overfull \hbox (28.50822pt too wide) in paragraph at lines 24--25
[][][][][][][][][][][][][][][][][][][][][][][][][][][][] 
 []


Overfull \hbox (21.93823pt too wide) in paragraph at lines 31--32
[][][][][][][][][][][][][][][][][][][][][][][][][][] 
 []


Overfull \hbox (8.79825pt too wide) in paragraph at lines 32--33
[][][][][][][][][][][][][][][][][][][][][][][][][][] 
 []


Overfull \hbox (21.93823pt too wide) in paragraph at lines 36--37
[][][][][][][][][][][][][][][][][][][][][][][][][][] 
 []


Overfull \hbox (35.07822pt too wide) in paragraph at lines 39--40
[][][][][][][][][][][][][][][][][][][][][][][][][][] 
 []


Overfull \hbox (100.77814pt too wide) in paragraph at lines 41--42
[][][][][][][][][][][][][][][][][][][][][][][][][][] 
 []


Overfull \hbox (8.79825pt too wide) in paragraph at lines 42--43
[][][][][][][][][][][][][][][][][][][][][][][][][][] 
 []


Overfull \hbox (74.49817pt too wide) in paragraph at lines 43--45
[][][][][][][][][][][][][][][][][][][][][][][][][][] 
 []

) (/usr/share/texmf-texlive/tex/latex/base/utf8.def
File: utf8.def 2006/03/30 v1.1i UTF-8 support for inputenc
) (./src/tests_setmana3.c
[96]
Overfull \hbox (2.88525pt too wide) in paragraph at lines 19--20
[][][][][][][][][][][][][][][][][][][][][][][][][][][][] 
 []


Overfull \hbox (68.58517pt too wide) in paragraph at lines 27--28
[][][][][][][][][][][][][][][][][][][][][][][][][][][][][][][][][] 
 []


Overfull \hbox (41.64793pt too wide) in paragraph at lines 40--41
[][][][][][][][][][][][][][][][][][][][][][][][][][][][][][][][][][] 
 []


Overfull \hbox (48.21793pt too wide) in paragraph at lines 45--46
[][][][][][][][][][][][][][][][][][][][][][][][][][][][][][][][][][][][] 
 []

[97]
Overfull \hbox (48.2182pt too wide) in paragraph at lines 63--64
[][][][][][][][][][][][][][][][][][][][][][][][][][][] 
 []

[98]
Overfull \hbox (35.07822pt too wide) in paragraph at lines 95--98
[][][][][][][][][][][][][][][][] 
 []


Overfull \hbox (2.22826pt too wide) in paragraph at lines 126--127
[][][][][][][][][][][][][][][][][][][][][][][][] 
 []

[99]
Overfull \hbox (74.4979pt too wide) in paragraph at lines 136--137
[][][][][][][][][][][][][][][][][][][][][][][][][][][][][] 
 []


Overfull \hbox (8.79797pt too wide) in paragraph at lines 137--138
[][][][][][][][][][][][][][][][][][][][][][][][][][][] 
 []


Overfull \hbox (48.21793pt too wide) in paragraph at lines 139--140
[][][][][][][][][][][][][][][][][][][][][][][][][][][] 
 []


Overfull \hbox (68.58517pt too wide) in paragraph at lines 142--143
[][][][][][][][][][][][][][][][][][][][][][][][][][] 
 []


Overfull \hbox (159.90779pt too wide) in paragraph at lines 143--144
[][][][][][][][][][][][][][][][][][][][][][][][][][][][][] 
 []


Overfull \hbox (54.78792pt too wide) in paragraph at lines 145--146
[][][][][][][][][][][][][][][][][][][] 
 []


Overfull \hbox (166.47778pt too wide) in paragraph at lines 147--148
[][][][][][][][][][][][][][][][][][][][][][][][][][][][][][][] 
 []


Overfull \hbox (88.29515pt too wide) in paragraph at lines 151--152
[][][][][][][][][][][][][][][][][][][][][][][][][][][][][][][][][][] 
 []


Overfull \hbox (61.35791pt too wide) in paragraph at lines 158--159
[][][][][][][][][][][][][][][][][][][][][][][][][][][][][] 
 []


Overfull \hbox (2.22798pt too wide) in paragraph at lines 159--160
[][][][][][][][][][][][][][][][][][][][][][][][][][][] 
 []


Overfull \hbox (28.50795pt too wide) in paragraph at lines 161--162
[][][][][][][][][][][][][][][][][][][][][][][][][] 
 []

) (/usr/share/texmf-texlive/tex/latex/base/utf8.def
File: utf8.def 2006/03/30 v1.1i UTF-8 support for inputenc
) (./src/tests_setmana5.c
[100]
Overfull \hbox (48.2182pt too wide) in paragraph at lines 20--22
[][][][][][][][][][][][][][][][][][][] 
 []


Overfull \hbox (41.64793pt too wide) in paragraph at lines 25--26
[][][][][][][][][][][][][][][][][][][][][][][][][][][][][][][][][][] 
 []


Overfull \hbox (17.33923pt too wide) in paragraph at lines 28--29
[][][][][][][][][][][][][][][][][][][][][][][][] 
 []


Overfull \hbox (101.43513pt too wide) in paragraph at lines 30--31
[][][][][][][][][][][][][][][][][][][][][][][][][][][][][][] 
 []


Overfull \hbox (41.64793pt too wide) in paragraph at lines 46--47
[][][][][][][][][][][][][][][][][][][][][][][][][][][][][][][][][][] 
 []

[101]
Overfull \hbox (37.04921pt too wide) in paragraph at lines 56--57
[][][][][][][][][][][][][][][][][][][][][][][][][][][][][][] 
 []

)) [102] (./principal.toc [103

]
Overfull \hbox (1.41573pt too wide) detected at line 50
 []\T1/pnc/m/n/12 100
 []

)
\tf@toc=\write5
\openout5 = `principal.toc'.

 [104] (./principal.aux (./codi.aux)) ) 
Here is how much of TeX's memory you used:
 12210 strings out of 95037
 186662 string characters out of 1182324
 204983 words of memory out of 1500000
 10995 multiletter control sequences out of 10000+50000
 48694 words of font info for 119 fonts, out of 1200000 for 2000
 54 hyphenation exceptions out of 8191
 37i,10n,51p,258b,1515s stack positions out of 5000i,500n,6000p,200000b,5000s
{/usr/share/texmf-texlive/fonts/enc/dvip
s/base/8r.enc}</usr/share/texmf-texlive/fonts/type1/bluesky/cm/cmsy10.pfb></usr
/share/texmf-texlive/fonts/type1/urw/courier/ucrb8a.pfb></usr/share/texmf-texli
ve/fonts/type1/urw/courier/ucrr8a.pfb></usr/share/texmf-texlive/fonts/type1/urw
/courier/ucrro8a.pfb></usr/share/texmf-texlive/fonts/type1/urw/ncntrsbk/uncb8a.
pfb></usr/share/texmf-texlive/fonts/type1/urw/ncntrsbk/uncr8a.pfb></usr/share/t
exmf-texlive/fonts/type1/urw/ncntrsbk/uncr8a.pfb></usr/share/texmf-texlive/font
s/type1/urw/ncntrsbk/uncri8a.pfb>
Output written on principal.pdf (104 pages, 830791 bytes).
PDF statistics:
 5390 PDF objects out of 6186 (max. 8388607)
 4009 named destinations out of 4296 (max. 131072)
 37785 words of extra memory for PDF output out of 42996 (max. 10000000)

