\BOOKMARK [1][-]{section.1}{Descripci\363 del problema}{}
\BOOKMARK [1][-]{section.2}{Disseny i estructura del SF}{}
\BOOKMARK [1][-]{section.3}{Implementaci\363}{}
\BOOKMARK [1][-]{section.4}{Jocs de proves i resultats}{}
\BOOKMARK [2][-]{subsection.4.1}{Execucions}{section.4}
\BOOKMARK [2][-]{subsection.4.2}{Simulador}{section.4}
\BOOKMARK [1][-]{section.5}{Conclusions}{}
\BOOKMARK [1][-]{appendix.A}{Codi font}{}
\BOOKMARK [2][-]{subsection.A.1}{Capa base}{appendix.A}
\BOOKMARK [3][-]{subsubsection.A.1.1}{bitmap.h}{subsection.A.1}
\BOOKMARK [3][-]{subsubsection.A.1.2}{bitmap.c}{subsection.A.1}
\BOOKMARK [3][-]{subsubsection.A.1.3}{block.h}{subsection.A.1}
\BOOKMARK [3][-]{subsubsection.A.1.4}{block.c}{subsection.A.1}
\BOOKMARK [3][-]{subsubsection.A.1.5}{block\137lib.h}{subsection.A.1}
\BOOKMARK [3][-]{subsubsection.A.1.6}{block\137lib.c}{subsection.A.1}
\BOOKMARK [3][-]{subsubsection.A.1.7}{common.h}{subsection.A.1}
\BOOKMARK [2][-]{subsection.A.2}{Nucli}{appendix.A}
\BOOKMARK [3][-]{subsubsection.A.2.1}{super.h}{subsection.A.2}
\BOOKMARK [3][-]{subsubsection.A.2.2}{super.c}{subsection.A.2}
\BOOKMARK [3][-]{subsubsection.A.2.3}{inode.h}{subsection.A.2}
\BOOKMARK [3][-]{subsubsection.A.2.4}{inode.c}{subsection.A.2}
\BOOKMARK [3][-]{subsubsection.A.2.5}{file.h}{subsection.A.2}
\BOOKMARK [3][-]{subsubsection.A.2.6}{file.c}{subsection.A.2}
\BOOKMARK [3][-]{subsubsection.A.2.7}{dir.h}{subsection.A.2}
\BOOKMARK [3][-]{subsubsection.A.2.8}{dir.c}{subsection.A.2}
\BOOKMARK [2][-]{subsection.A.3}{Eines de sistema}{appendix.A}
\BOOKMARK [3][-]{subsubsection.A.3.1}{sem.h}{subsection.A.3}
\BOOKMARK [3][-]{subsubsection.A.3.2}{sem.c}{subsection.A.3}
\BOOKMARK [2][-]{subsection.A.4}{Simulador}{appendix.A}
\BOOKMARK [3][-]{subsubsection.A.4.1}{sim.c}{subsection.A.4}
\BOOKMARK [2][-]{subsection.A.5}{Eines d'usuari}{appendix.A}
\BOOKMARK [3][-]{subsubsection.A.5.1}{mi\137append.c}{subsection.A.5}
\BOOKMARK [3][-]{subsubsection.A.5.2}{mi\137mkfs.c}{subsection.A.5}
\BOOKMARK [3][-]{subsubsection.A.5.3}{mi\137cat.c}{subsection.A.5}
\BOOKMARK [3][-]{subsubsection.A.5.4}{mi\137ln.c}{subsection.A.5}
\BOOKMARK [3][-]{subsubsection.A.5.5}{mi\137ls.c}{subsection.A.5}
\BOOKMARK [3][-]{subsubsection.A.5.6}{mi\137mkdir.c}{subsection.A.5}
\BOOKMARK [3][-]{subsubsection.A.5.7}{mi\137rm.c}{subsection.A.5}
\BOOKMARK [3][-]{subsubsection.A.5.8}{mi\137stat.c}{subsection.A.5}
\BOOKMARK [3][-]{subsubsection.A.5.9}{mi\137touch.c}{subsection.A.5}
\BOOKMARK [3][-]{subsubsection.A.5.10}{mi\137write.c}{subsection.A.5}
\BOOKMARK [3][-]{subsubsection.A.5.11}{mi\137mount.c}{subsection.A.5}
\BOOKMARK [3][-]{subsubsection.A.5.12}{mi\137umount.c}{subsection.A.5}
\BOOKMARK [2][-]{subsection.A.6}{Jocs de proves}{appendix.A}
\BOOKMARK [3][-]{subsubsection.A.6.1}{test\137mapa\137bits.c}{subsection.A.6}
\BOOKMARK [3][-]{subsubsection.A.6.2}{test\137setmana1.c}{subsection.A.6}
\BOOKMARK [3][-]{subsubsection.A.6.3}{test\137setmana2.c}{subsection.A.6}
\BOOKMARK [3][-]{subsubsection.A.6.4}{test\137setmana3.c}{subsection.A.6}
\BOOKMARK [3][-]{subsubsection.A.6.5}{test\137setmana5.c}{subsection.A.6}
